{"/home/travis/build/npmtest/node-npmtest-raccoon/test.js":{"path":"/home/travis/build/npmtest/node-npmtest-raccoon/test.js","s":{"1":2,"2":2,"3":2,"4":2,"5":2,"6":2,"7":2,"8":1,"9":2,"10":2,"11":1,"12":1,"13":1,"14":1,"15":2,"16":2,"17":2,"18":2,"19":1,"20":1,"21":2,"22":2,"23":2,"24":1,"25":1,"26":1,"27":1,"28":1,"29":1,"30":1,"31":1,"32":1,"33":1,"34":1,"35":1,"36":1,"37":1,"38":1,"39":2,"40":2,"41":1,"42":2,"43":2,"44":1,"45":2,"46":2,"47":1,"48":2,"49":2,"50":1,"51":1,"52":1,"53":1,"54":1},"b":{"1":[2,1,1,1],"2":[1,1,1,1],"3":[1,1],"4":[1,1],"5":[1,1],"6":[1,1],"7":[1,1],"8":[1,1],"9":[1,1],"10":[1,1,1],"11":[1,1],"12":[1,1],"13":[1,1],"14":[1,1],"15":[1,1],"16":[1,1],"17":[1,1]},"f":{"1":2,"2":2,"3":2,"4":2,"5":2,"6":1,"7":1,"8":1,"9":2,"10":2,"11":2,"12":2,"13":1},"fnMap":{"1":{"name":"(anonymous_1)","line":12,"loc":{"start":{"line":12,"column":1},"end":{"line":12,"column":13}}},"2":{"name":"(anonymous_2)","line":19,"loc":{"start":{"line":19,"column":5},"end":{"line":19,"column":17}}},"3":{"name":"(anonymous_3)","line":23,"loc":{"start":{"line":23,"column":24},"end":{"line":23,"column":36}}},"4":{"name":"(anonymous_4)","line":61,"loc":{"start":{"line":61,"column":5},"end":{"line":61,"column":17}}},"5":{"name":"(anonymous_5)","line":82,"loc":{"start":{"line":82,"column":5},"end":{"line":82,"column":17}}},"6":{"name":"(anonymous_6)","line":91,"loc":{"start":{"line":91,"column":77},"end":{"line":94,"column":10}}},"7":{"name":"(anonymous_7)","line":112,"loc":{"start":{"line":112,"column":83},"end":{"line":115,"column":10}},"skip":true},"8":{"name":"(anonymous_8)","line":123,"loc":{"start":{"line":123,"column":77},"end":{"line":126,"column":10}},"skip":true},"9":{"name":"(anonymous_9)","line":139,"loc":{"start":{"line":139,"column":12},"end":{"line":139,"column":40}},"skip":true},"10":{"name":"(anonymous_10)","line":147,"loc":{"start":{"line":147,"column":77},"end":{"line":150,"column":10}},"skip":true},"11":{"name":"(anonymous_11)","line":158,"loc":{"start":{"line":158,"column":83},"end":{"line":161,"column":10}},"skip":true},"12":{"name":"(anonymous_12)","line":169,"loc":{"start":{"line":169,"column":79},"end":{"line":172,"column":10}},"skip":true},"13":{"name":"(anonymous_13)","line":180,"loc":{"start":{"line":180,"column":75},"end":{"line":183,"column":10}},"skip":true}},"statementMap":{"1":{"start":{"line":12,"column":0},"end":{"line":195,"column":5}},"2":{"start":{"line":14,"column":4},"end":{"line":14,"column":14}},"3":{"start":{"line":19,"column":4},"end":{"line":56,"column":9}},"4":{"start":{"line":21,"column":8},"end":{"line":21,"column":19}},"5":{"start":{"line":23,"column":8},"end":{"line":35,"column":13}},"6":{"start":{"line":24,"column":12},"end":{"line":34,"column":13}},"7":{"start":{"line":25,"column":16},"end":{"line":28,"column":30}},"8":{"start":{"line":30,"column":16},"end":{"line":33,"column":27}},"9":{"start":{"line":37,"column":8},"end":{"line":39,"column":21}},"10":{"start":{"line":40,"column":8},"end":{"line":53,"column":9}},"11":{"start":{"line":43,"column":12},"end":{"line":46,"column":14}},"12":{"start":{"line":47,"column":12},"end":{"line":47,"column":18}},"13":{"start":{"line":50,"column":12},"end":{"line":51,"column":46}},"14":{"start":{"line":52,"column":12},"end":{"line":52,"column":18}},"15":{"start":{"line":55,"column":8},"end":{"line":55,"column":35}},"16":{"start":{"line":61,"column":4},"end":{"line":63,"column":9}},"17":{"start":{"line":62,"column":8},"end":{"line":62,"column":15}},"18":{"start":{"line":64,"column":4},"end":{"line":77,"column":5}},"19":{"start":{"line":70,"column":8},"end":{"line":70,"column":14}},"20":{"start":{"line":76,"column":8},"end":{"line":76,"column":14}},"21":{"start":{"line":82,"column":4},"end":{"line":84,"column":9}},"22":{"start":{"line":83,"column":8},"end":{"line":83,"column":15}},"23":{"start":{"line":85,"column":4},"end":{"line":194,"column":5}},"24":{"start":{"line":91,"column":8},"end":{"line":99,"column":10}},"25":{"start":{"line":98,"column":12},"end":{"line":98,"column":35}},"26":{"start":{"line":102,"column":8},"end":{"line":104,"column":63}},"27":{"start":{"line":105,"column":8},"end":{"line":105,"column":14}},"28":{"start":{"line":112,"column":8},"end":{"line":121,"column":10},"skip":true},"29":{"start":{"line":119,"column":12},"end":{"line":119,"column":55},"skip":true},"30":{"start":{"line":120,"column":12},"end":{"line":120,"column":48},"skip":true},"31":{"start":{"line":123,"column":8},"end":{"line":136,"column":10},"skip":true},"32":{"start":{"line":130,"column":12},"end":{"line":130,"column":76},"skip":true},"33":{"start":{"line":131,"column":12},"end":{"line":131,"column":73},"skip":true},"34":{"start":{"line":132,"column":12},"end":{"line":132,"column":74},"skip":true},"35":{"start":{"line":133,"column":12},"end":{"line":133,"column":79},"skip":true},"36":{"start":{"line":134,"column":12},"end":{"line":134,"column":25},"skip":true},"37":{"start":{"line":135,"column":12},"end":{"line":135,"column":45},"skip":true},"38":{"start":{"line":138,"column":8},"end":{"line":145,"column":14},"skip":true},"39":{"start":{"line":143,"column":16},"end":{"line":143,"column":29},"skip":true},"40":{"start":{"line":144,"column":16},"end":{"line":144,"column":55},"skip":true},"41":{"start":{"line":147,"column":8},"end":{"line":156,"column":10},"skip":true},"42":{"start":{"line":154,"column":12},"end":{"line":154,"column":25},"skip":true},"43":{"start":{"line":155,"column":12},"end":{"line":155,"column":45},"skip":true},"44":{"start":{"line":158,"column":8},"end":{"line":167,"column":10},"skip":true},"45":{"start":{"line":165,"column":12},"end":{"line":165,"column":25},"skip":true},"46":{"start":{"line":166,"column":12},"end":{"line":166,"column":48},"skip":true},"47":{"start":{"line":169,"column":8},"end":{"line":178,"column":10},"skip":true},"48":{"start":{"line":176,"column":12},"end":{"line":176,"column":25},"skip":true},"49":{"start":{"line":177,"column":12},"end":{"line":177,"column":46},"skip":true},"50":{"start":{"line":180,"column":8},"end":{"line":189,"column":10},"skip":true},"51":{"start":{"line":187,"column":12},"end":{"line":187,"column":94},"skip":true},"52":{"start":{"line":188,"column":12},"end":{"line":188,"column":48},"skip":true},"53":{"start":{"line":192,"column":8},"end":{"line":192,"column":35},"skip":true},"54":{"start":{"line":193,"column":8},"end":{"line":193,"column":14},"skip":true}},"branchMap":{"1":{"line":25,"type":"binary-expr","locations":[{"start":{"line":25,"column":23},"end":{"line":25,"column":62}},{"start":{"line":26,"column":20},"end":{"line":26,"column":70}},{"start":{"line":27,"column":20},"end":{"line":27,"column":71}},{"start":{"line":28,"column":20},"end":{"line":28,"column":29}}]},"2":{"line":30,"type":"binary-expr","locations":[{"start":{"line":30,"column":23},"end":{"line":30,"column":37}},{"start":{"line":31,"column":20},"end":{"line":31,"column":61}},{"start":{"line":32,"column":20},"end":{"line":32,"column":70}},{"start":{"line":33,"column":20},"end":{"line":33,"column":26}}]},"3":{"line":37,"type":"cond-expr","locations":[{"start":{"line":38,"column":14},"end":{"line":38,"column":20}},{"start":{"line":39,"column":14},"end":{"line":39,"column":20}}]},"4":{"line":40,"type":"switch","locations":[{"start":{"line":42,"column":8},"end":{"line":47,"column":18}},{"start":{"line":49,"column":8},"end":{"line":52,"column":18}}]},"5":{"line":44,"type":"binary-expr","locations":[{"start":{"line":44,"column":16},"end":{"line":44,"column":44}},{"start":{"line":44,"column":48},"end":{"line":44,"column":66}}]},"6":{"line":50,"type":"binary-expr","locations":[{"start":{"line":50,"column":21},"end":{"line":50,"column":49}},{"start":{"line":50,"column":53},"end":{"line":50,"column":72}}]},"7":{"line":64,"type":"switch","locations":[{"start":{"line":69,"column":4},"end":{"line":70,"column":14}},{"start":{"line":75,"column":4},"end":{"line":76,"column":14}}]},"8":{"line":85,"type":"switch","locations":[{"start":{"line":90,"column":4},"end":{"line":105,"column":14}},{"start":{"line":111,"column":4},"end":{"line":193,"column":14},"skip":true}]},"9":{"line":91,"type":"binary-expr","locations":[{"start":{"line":91,"column":42},"end":{"line":91,"column":73}},{"start":{"line":91,"column":77},"end":{"line":99,"column":9}}]},"10":{"line":102,"type":"binary-expr","locations":[{"start":{"line":102,"column":18},"end":{"line":102,"column":32}},{"start":{"line":103,"column":12},"end":{"line":103,"column":53}},{"start":{"line":104,"column":12},"end":{"line":104,"column":61}}]},"11":{"line":112,"type":"binary-expr","locations":[{"start":{"line":112,"column":45},"end":{"line":112,"column":79},"skip":true},{"start":{"line":112,"column":83},"end":{"line":121,"column":9},"skip":true}]},"12":{"line":123,"type":"binary-expr","locations":[{"start":{"line":123,"column":42},"end":{"line":123,"column":73},"skip":true},{"start":{"line":123,"column":77},"end":{"line":136,"column":9},"skip":true}]},"13":{"line":138,"type":"binary-expr","locations":[{"start":{"line":138,"column":48},"end":{"line":138,"column":85},"skip":true},{"start":{"line":139,"column":12},"end":{"line":145,"column":13},"skip":true}]},"14":{"line":147,"type":"binary-expr","locations":[{"start":{"line":147,"column":42},"end":{"line":147,"column":73},"skip":true},{"start":{"line":147,"column":77},"end":{"line":156,"column":9},"skip":true}]},"15":{"line":158,"type":"binary-expr","locations":[{"start":{"line":158,"column":45},"end":{"line":158,"column":79},"skip":true},{"start":{"line":158,"column":83},"end":{"line":167,"column":9},"skip":true}]},"16":{"line":169,"type":"binary-expr","locations":[{"start":{"line":169,"column":43},"end":{"line":169,"column":75},"skip":true},{"start":{"line":169,"column":79},"end":{"line":178,"column":9},"skip":true}]},"17":{"line":180,"type":"binary-expr","locations":[{"start":{"line":180,"column":41},"end":{"line":180,"column":71},"skip":true},{"start":{"line":180,"column":75},"end":{"line":189,"column":9},"skip":true}]}},"code":["/* istanbul instrument in package npmtest_raccoon */","/*jslint","    bitwise: true,","    browser: true,","    maxerr: 8,","    maxlen: 96,","    node: true,","    nomen: true,","    regexp: true,","    stupid: true","*/","(function () {","    'use strict';","    var local;","","","","    // run shared js-env code - pre-init","    (function () {","        // init local","        local = {};","        // init modeJs","        local.modeJs = (function () {","            try {","                return typeof navigator.userAgent === 'string' &&","                    typeof document.querySelector('body') === 'object' &&","                    typeof XMLHttpRequest.prototype.open === 'function' &&","                    'browser';","            } catch (errorCaughtBrowser) {","                return module.exports &&","                    typeof process.versions.node === 'string' &&","                    typeof require('http').createServer === 'function' &&","                    'node';","            }","        }());","        // init global","        local.global = local.modeJs === 'browser'","            ? window","            : global;","        switch (local.modeJs) {","        // re-init local from window.local","        case 'browser':","            local = local.global.utility2.objectSetDefault(","                local.global.utility2_rollup || local.global.local,","                local.global.utility2","            );","            break;","        // re-init local from example.js","        case 'node':","            local = (local.global.utility2_rollup || require('utility2'))","                .requireExampleJsFromReadme();","            break;","        }","        // export local","        local.global.local = local;","    }());","","","","    // run shared js-env code - function","    (function () {","        return;","    }());","    switch (local.modeJs) {","","","","    // run browser js-env code - function","    case 'browser':","        break;","","","","    // run node js-env code - function","    case 'node':","        break;","    }","","","","    // run shared js-env code - post-init","    (function () {","        return;","    }());","    switch (local.modeJs) {","","","","    // run browser js-env code - post-init","    case 'browser':","        local.testCase_browser_nullCase = local.testCase_browser_nullCase || function (","            options,","            onError","        ) {","        /*","         * this function will test browsers's null-case handling-behavior-behavior","         */","            onError(null, options);","        };","","        // run tests","        local.nop(local.modeTest &&","            document.querySelector('#testRunButton1') &&","            document.querySelector('#testRunButton1').click());","        break;","","","","    // run node js-env code - post-init","    /* istanbul ignore next */","    case 'node':","        local.testCase_buildApidoc_default = local.testCase_buildApidoc_default || function (","            options,","            onError","        ) {","        /*","         * this function will test buildApidoc's default handling-behavior-behavior","         */","            options = { modulePathList: module.paths };","            local.buildApidoc(options, onError);","        };","","        local.testCase_buildApp_default = local.testCase_buildApp_default || function (","            options,","            onError","        ) {","        /*","         * this function will test buildApp's default handling-behavior-behavior","         */","            local.testCase_buildReadme_default(options, local.onErrorThrow);","            local.testCase_buildLib_default(options, local.onErrorThrow);","            local.testCase_buildTest_default(options, local.onErrorThrow);","            local.testCase_buildCustomOrg_default(options, local.onErrorThrow);","            options = [];","            local.buildApp(options, onError);","        };","","        local.testCase_buildCustomOrg_default = local.testCase_buildCustomOrg_default ||","            function (options, onError) {","            /*","             * this function will test buildCustomOrg's default handling-behavior","             */","                options = {};","                local.buildCustomOrg(options, onError);","            };","","        local.testCase_buildLib_default = local.testCase_buildLib_default || function (","            options,","            onError","        ) {","        /*","         * this function will test buildLib's default handling-behavior","         */","            options = {};","            local.buildLib(options, onError);","        };","","        local.testCase_buildReadme_default = local.testCase_buildReadme_default || function (","            options,","            onError","        ) {","        /*","         * this function will test buildReadme's default handling-behavior-behavior","         */","            options = {};","            local.buildReadme(options, onError);","        };","","        local.testCase_buildTest_default = local.testCase_buildTest_default || function (","            options,","            onError","        ) {","        /*","         * this function will test buildTest's default handling-behavior","         */","            options = {};","            local.buildTest(options, onError);","        };","","        local.testCase_webpage_default = local.testCase_webpage_default || function (","            options,","            onError","        ) {","        /*","         * this function will test webpage's default handling-behavior","         */","            options = { modeCoverageMerge: true, url: local.serverLocalHost + '?modeTest=1' };","            local.browserTest(options, onError);","        };","","        // run test-server","        local.testRunServer(local);","        break;","    }","}());",""],"l":{"12":2,"14":2,"19":2,"21":2,"23":2,"24":2,"25":2,"30":1,"37":2,"40":2,"43":1,"47":1,"50":1,"52":1,"55":2,"61":2,"62":2,"64":2,"70":1,"76":1,"82":2,"83":2,"85":2,"91":1,"98":1,"102":1,"105":1,"112":1,"119":1,"120":1,"123":1,"130":1,"131":1,"132":1,"133":1,"134":1,"135":1,"138":1,"143":2,"144":2,"147":1,"154":2,"155":2,"158":1,"165":2,"166":2,"169":1,"176":2,"177":2,"180":1,"187":1,"188":1,"192":1,"193":1}},"/home/travis/build/npmtest/node-npmtest-raccoon/lib.npmtest_raccoon.js":{"path":"/home/travis/build/npmtest/node-npmtest-raccoon/lib.npmtest_raccoon.js","s":{"1":2,"2":2,"3":2,"4":2,"5":2,"6":2,"7":2,"8":1,"9":2,"10":2,"11":2,"12":2,"13":1,"14":1,"15":1,"16":1},"b":{"1":[2,1,1,1],"2":[1,1,1,1],"3":[1,1],"4":[2,2],"5":[1,1]},"f":{"1":2,"2":2,"3":2},"fnMap":{"1":{"name":"(anonymous_1)","line":12,"loc":{"start":{"line":12,"column":1},"end":{"line":12,"column":13}}},"2":{"name":"(anonymous_2)","line":19,"loc":{"start":{"line":19,"column":5},"end":{"line":19,"column":17}}},"3":{"name":"(anonymous_3)","line":23,"loc":{"start":{"line":23,"column":24},"end":{"line":23,"column":36}}}},"statementMap":{"1":{"start":{"line":12,"column":0},"end":{"line":53,"column":5}},"2":{"start":{"line":14,"column":4},"end":{"line":14,"column":14}},"3":{"start":{"line":19,"column":4},"end":{"line":52,"column":9}},"4":{"start":{"line":21,"column":8},"end":{"line":21,"column":19}},"5":{"start":{"line":23,"column":8},"end":{"line":35,"column":13}},"6":{"start":{"line":24,"column":12},"end":{"line":34,"column":13}},"7":{"start":{"line":25,"column":16},"end":{"line":28,"column":30}},"8":{"start":{"line":30,"column":16},"end":{"line":33,"column":27}},"9":{"start":{"line":37,"column":8},"end":{"line":39,"column":21}},"10":{"start":{"line":41,"column":8},"end":{"line":41,"column":54}},"11":{"start":{"line":43,"column":8},"end":{"line":43,"column":52}},"12":{"start":{"line":45,"column":8},"end":{"line":51,"column":9}},"13":{"start":{"line":46,"column":12},"end":{"line":46,"column":58}},"14":{"start":{"line":48,"column":12},"end":{"line":48,"column":35}},"15":{"start":{"line":49,"column":12},"end":{"line":49,"column":49}},"16":{"start":{"line":50,"column":12},"end":{"line":50,"column":43}}},"branchMap":{"1":{"line":25,"type":"binary-expr","locations":[{"start":{"line":25,"column":23},"end":{"line":25,"column":62}},{"start":{"line":26,"column":20},"end":{"line":26,"column":70}},{"start":{"line":27,"column":20},"end":{"line":27,"column":71}},{"start":{"line":28,"column":20},"end":{"line":28,"column":29}}]},"2":{"line":30,"type":"binary-expr","locations":[{"start":{"line":30,"column":23},"end":{"line":30,"column":37}},{"start":{"line":31,"column":20},"end":{"line":31,"column":61}},{"start":{"line":32,"column":20},"end":{"line":32,"column":70}},{"start":{"line":33,"column":20},"end":{"line":33,"column":26}}]},"3":{"line":37,"type":"cond-expr","locations":[{"start":{"line":38,"column":14},"end":{"line":38,"column":20}},{"start":{"line":39,"column":14},"end":{"line":39,"column":20}}]},"4":{"line":41,"type":"binary-expr","locations":[{"start":{"line":41,"column":16},"end":{"line":41,"column":44}},{"start":{"line":41,"column":48},"end":{"line":41,"column":53}}]},"5":{"line":45,"type":"if","locations":[{"start":{"line":45,"column":8},"end":{"line":45,"column":8}},{"start":{"line":45,"column":8},"end":{"line":45,"column":8}}]}},"code":["/* istanbul instrument in package npmtest_raccoon */","/*jslint","    bitwise: true,","    browser: true,","    maxerr: 8,","    maxlen: 96,","    node: true,","    nomen: true,","    regexp: true,","    stupid: true","*/","(function () {","    'use strict';","    var local;","","","","    // run shared js-env code - pre-init","    (function () {","        // init local","        local = {};","        // init modeJs","        local.modeJs = (function () {","            try {","                return typeof navigator.userAgent === 'string' &&","                    typeof document.querySelector('body') === 'object' &&","                    typeof XMLHttpRequest.prototype.open === 'function' &&","                    'browser';","            } catch (errorCaughtBrowser) {","                return module.exports &&","                    typeof process.versions.node === 'string' &&","                    typeof require('http').createServer === 'function' &&","                    'node';","            }","        }());","        // init global","        local.global = local.modeJs === 'browser'","            ? window","            : global;","        // init utility2_rollup","        local = local.global.utility2_rollup || local;","        // init lib","        local.local = local.npmtest_raccoon = local;","        // init exports","        if (local.modeJs === 'browser') {","            local.global.utility2_npmtest_raccoon = local;","        } else {","            module.exports = local;","            module.exports.__dirname = __dirname;","            module.exports.module = module;","        }","    }());","}());",""],"l":{"12":2,"14":2,"19":2,"21":2,"23":2,"24":2,"25":2,"30":1,"37":2,"41":2,"43":2,"45":2,"46":1,"48":1,"49":1,"50":1}},"/home/travis/build/npmtest/node-npmtest-raccoon/example.js":{"path":"/home/travis/build/npmtest/node-npmtest-raccoon/example.js","s":{"1":2,"2":2,"3":2,"4":2,"5":2,"6":2,"7":2,"8":1,"9":2,"10":2,"11":2,"12":2,"13":1,"14":2,"15":2,"16":2,"17":2,"18":2,"19":0,"20":2,"21":1,"22":1,"23":1,"24":1,"25":1,"26":0,"27":0,"28":1,"29":1,"30":2,"31":0,"32":0,"33":0,"34":1,"35":2,"36":2,"37":3,"38":3,"39":3,"40":3,"41":0,"42":3,"43":3,"44":3,"45":1,"46":3,"47":1,"48":1,"49":1,"50":1,"51":1,"52":1,"53":1,"54":1,"55":1,"56":1,"57":0,"58":1,"59":6,"60":6,"61":1,"62":2,"63":0,"64":2,"65":1,"66":1,"67":0,"68":0,"69":0,"70":0,"71":0,"72":0,"73":0,"74":0,"75":0,"76":0,"77":0,"78":0,"79":0,"80":0,"81":0,"82":0,"83":0},"b":{"1":[2,1,1,1],"2":[1,1,1,1],"3":[1,1],"4":[2,2],"5":[1,1],"6":[1,1],"7":[2,0],"8":[2,1,1,1,1,1],"9":[0,2,0],"10":[1,1],"11":[2,1,1],"12":[1,0],"13":[0,2],"14":[2,0,0,0,0,0,0],"15":[0,3],"16":[3,0],"17":[1,1],"18":[0,1],"19":[1,2,0,2],"20":[1,0],"21":[1,1],"22":[0,0],"23":[0,0],"24":[0,0],"25":[0,0],"26":[0,0],"27":[0,0],"28":[0,0]},"f":{"1":2,"2":2,"3":2,"4":2,"5":2,"6":2,"7":3,"8":3,"9":3,"10":1,"11":6,"12":0},"fnMap":{"1":{"name":"(anonymous_1)","line":26,"loc":{"start":{"line":26,"column":1},"end":{"line":26,"column":13}}},"2":{"name":"(anonymous_2)","line":33,"loc":{"start":{"line":33,"column":5},"end":{"line":33,"column":17}}},"3":{"name":"(anonymous_3)","line":37,"loc":{"start":{"line":37,"column":24},"end":{"line":37,"column":36}}},"4":{"name":"(anonymous_4)","line":69,"loc":{"start":{"line":69,"column":31},"end":{"line":69,"column":48}},"skip":true},"5":{"name":"(anonymous_5)","line":78,"loc":{"start":{"line":78,"column":26},"end":{"line":78,"column":45}},"skip":true},"6":{"name":"(anonymous_6)","line":123,"loc":{"start":{"line":123,"column":33},"end":{"line":123,"column":48}},"skip":true},"7":{"name":"(anonymous_7)","line":125,"loc":{"start":{"line":125,"column":27},"end":{"line":125,"column":39}},"skip":true},"8":{"name":"(anonymous_8)","line":133,"loc":{"start":{"line":133,"column":59},"end":{"line":133,"column":74}},"skip":true},"9":{"name":"(anonymous_9)","line":143,"loc":{"start":{"line":143,"column":45},"end":{"line":143,"column":62}},"skip":true},"10":{"name":"(anonymous_10)","line":144,"loc":{"start":{"line":144,"column":73},"end":{"line":144,"column":92}},"skip":true},"11":{"name":"(anonymous_11)","line":272,"loc":{"start":{"line":272,"column":51},"end":{"line":272,"column":77}},"skip":true},"12":{"name":"(anonymous_12)","line":315,"loc":{"start":{"line":315,"column":32},"end":{"line":315,"column":61}},"skip":true}},"statementMap":{"1":{"start":{"line":26,"column":0},"end":{"line":326,"column":5}},"2":{"start":{"line":28,"column":4},"end":{"line":28,"column":14}},"3":{"start":{"line":33,"column":4},"end":{"line":60,"column":9}},"4":{"start":{"line":35,"column":8},"end":{"line":35,"column":19}},"5":{"start":{"line":37,"column":8},"end":{"line":49,"column":13}},"6":{"start":{"line":38,"column":12},"end":{"line":48,"column":13}},"7":{"start":{"line":39,"column":16},"end":{"line":42,"column":30}},"8":{"start":{"line":44,"column":16},"end":{"line":47,"column":27}},"9":{"start":{"line":51,"column":8},"end":{"line":53,"column":21}},"10":{"start":{"line":55,"column":8},"end":{"line":57,"column":45}},"11":{"start":{"line":59,"column":8},"end":{"line":59,"column":35}},"12":{"start":{"line":61,"column":4},"end":{"line":325,"column":5}},"13":{"start":{"line":69,"column":8},"end":{"line":121,"column":10},"skip":true},"14":{"start":{"line":70,"column":12},"end":{"line":88,"column":13},"skip":true},"15":{"start":{"line":76,"column":16},"end":{"line":87,"column":19},"skip":true},"16":{"start":{"line":79,"column":20},"end":{"line":86,"column":21},"skip":true},"17":{"start":{"line":82,"column":24},"end":{"line":82,"column":43},"skip":true},"18":{"start":{"line":83,"column":24},"end":{"line":83,"column":30},"skip":true},"19":{"start":{"line":85,"column":24},"end":{"line":85,"column":49},"skip":true},"20":{"start":{"line":89,"column":12},"end":{"line":107,"column":13},"skip":true},"21":{"start":{"line":92,"column":16},"end":{"line":102,"column":17},"skip":true},"22":{"start":{"line":93,"column":20},"end":{"line":93,"column":86},"skip":true},"23":{"start":{"line":94,"column":20},"end":{"line":95,"column":45},"skip":true},"24":{"start":{"line":96,"column":20},"end":{"line":96,"column":42},"skip":true},"25":{"start":{"line":97,"column":20},"end":{"line":97,"column":48},"skip":true},"26":{"start":{"line":100,"column":20},"end":{"line":100,"column":85},"skip":true},"27":{"start":{"line":101,"column":20},"end":{"line":101,"column":96},"skip":true},"28":{"start":{"line":103,"column":16},"end":{"line":103,"column":22},"skip":true},"29":{"start":{"line":106,"column":16},"end":{"line":106,"column":22},"skip":true},"30":{"start":{"line":108,"column":12},"end":{"line":120,"column":13},"skip":true},"31":{"start":{"line":114,"column":16},"end":{"line":119,"column":17},"skip":true},"32":{"start":{"line":116,"column":20},"end":{"line":116,"column":78},"skip":true},"33":{"start":{"line":118,"column":20},"end":{"line":118,"column":47},"skip":true},"34":{"start":{"line":123,"column":8},"end":{"line":141,"column":11},"skip":true},"35":{"start":{"line":124,"column":12},"end":{"line":124,"column":54},"skip":true},"36":{"start":{"line":125,"column":12},"end":{"line":140,"column":14},"skip":true},"37":{"start":{"line":126,"column":16},"end":{"line":126,"column":28},"skip":true},"38":{"start":{"line":127,"column":16},"end":{"line":127,"column":69},"skip":true},"39":{"start":{"line":128,"column":16},"end":{"line":128,"column":75},"skip":true},"40":{"start":{"line":129,"column":16},"end":{"line":131,"column":17},"skip":true},"41":{"start":{"line":130,"column":20},"end":{"line":130,"column":27},"skip":true},"42":{"start":{"line":133,"column":16},"end":{"line":137,"column":36},"skip":true},"43":{"start":{"line":134,"column":20},"end":{"line":136,"column":55},"skip":true},"44":{"start":{"line":139,"column":16},"end":{"line":139,"column":57},"skip":true},"45":{"start":{"line":143,"column":8},"end":{"line":147,"column":11},"skip":true},"46":{"start":{"line":144,"column":12},"end":{"line":146,"column":15},"skip":true},"47":{"start":{"line":145,"column":16},"end":{"line":145,"column":70},"skip":true},"48":{"start":{"line":149,"column":8},"end":{"line":149,"column":31},"skip":true},"49":{"start":{"line":150,"column":8},"end":{"line":150,"column":14},"skip":true},"50":{"start":{"line":158,"column":8},"end":{"line":158,"column":31},"skip":true},"51":{"start":{"line":160,"column":8},"end":{"line":160,"column":33},"skip":true},"52":{"start":{"line":161,"column":8},"end":{"line":161,"column":37},"skip":true},"53":{"start":{"line":162,"column":8},"end":{"line":162,"column":35},"skip":true},"54":{"start":{"line":164,"column":8},"end":{"line":164,"column":50},"skip":true},"55":{"start":{"line":166,"column":8},"end":{"line":256,"column":2},"skip":true},"56":{"start":{"line":258,"column":8},"end":{"line":286,"column":9},"skip":true},"57":{"start":{"line":259,"column":12},"end":{"line":269,"column":14},"skip":true},"58":{"start":{"line":271,"column":12},"end":{"line":285,"column":19},"skip":true},"59":{"start":{"line":274,"column":20},"end":{"line":274,"column":35},"skip":true},"60":{"start":{"line":275,"column":20},"end":{"line":284,"column":21},"skip":true},"61":{"start":{"line":277,"column":24},"end":{"line":277,"column":64},"skip":true},"62":{"start":{"line":279,"column":24},"end":{"line":279,"column":40},"skip":true},"63":{"start":{"line":281,"column":24},"end":{"line":281,"column":40},"skip":true},"64":{"start":{"line":283,"column":24},"end":{"line":283,"column":39},"skip":true},"65":{"start":{"line":288,"column":8},"end":{"line":290,"column":9},"skip":true},"66":{"start":{"line":289,"column":12},"end":{"line":289,"column":18},"skip":true},"67":{"start":{"line":291,"column":8},"end":{"line":293,"column":54},"skip":true},"68":{"start":{"line":296,"column":8},"end":{"line":301,"column":37},"skip":true},"69":{"start":{"line":303,"column":8},"end":{"line":303,"column":82},"skip":true},"70":{"start":{"line":306,"column":8},"end":{"line":308,"column":9},"skip":true},"71":{"start":{"line":307,"column":12},"end":{"line":307,"column":82},"skip":true},"72":{"start":{"line":310,"column":8},"end":{"line":312,"column":9},"skip":true},"73":{"start":{"line":311,"column":12},"end":{"line":311,"column":18},"skip":true},"74":{"start":{"line":313,"column":8},"end":{"line":313,"column":54},"skip":true},"75":{"start":{"line":314,"column":8},"end":{"line":314,"column":69},"skip":true},"76":{"start":{"line":315,"column":8},"end":{"line":323,"column":36},"skip":true},"77":{"start":{"line":316,"column":12},"end":{"line":316,"column":61},"skip":true},"78":{"start":{"line":317,"column":12},"end":{"line":320,"column":13},"skip":true},"79":{"start":{"line":318,"column":16},"end":{"line":318,"column":75},"skip":true},"80":{"start":{"line":319,"column":16},"end":{"line":319,"column":23},"skip":true},"81":{"start":{"line":321,"column":12},"end":{"line":321,"column":38},"skip":true},"82":{"start":{"line":322,"column":12},"end":{"line":322,"column":27},"skip":true},"83":{"start":{"line":324,"column":8},"end":{"line":324,"column":14},"skip":true}},"branchMap":{"1":{"line":39,"type":"binary-expr","locations":[{"start":{"line":39,"column":23},"end":{"line":39,"column":62}},{"start":{"line":40,"column":20},"end":{"line":40,"column":70}},{"start":{"line":41,"column":20},"end":{"line":41,"column":71}},{"start":{"line":42,"column":20},"end":{"line":42,"column":29}}]},"2":{"line":44,"type":"binary-expr","locations":[{"start":{"line":44,"column":23},"end":{"line":44,"column":37}},{"start":{"line":45,"column":20},"end":{"line":45,"column":61}},{"start":{"line":46,"column":20},"end":{"line":46,"column":70}},{"start":{"line":47,"column":20},"end":{"line":47,"column":26}}]},"3":{"line":51,"type":"cond-expr","locations":[{"start":{"line":52,"column":14},"end":{"line":52,"column":20}},{"start":{"line":53,"column":14},"end":{"line":53,"column":20}}]},"4":{"line":55,"type":"binary-expr","locations":[{"start":{"line":55,"column":16},"end":{"line":55,"column":44}},{"start":{"line":55,"column":49},"end":{"line":57,"column":43}}]},"5":{"line":55,"type":"cond-expr","locations":[{"start":{"line":56,"column":14},"end":{"line":56,"column":51}},{"start":{"line":57,"column":14},"end":{"line":57,"column":43}}]},"6":{"line":61,"type":"switch","locations":[{"start":{"line":68,"column":4},"end":{"line":150,"column":14},"skip":true},{"start":{"line":156,"column":4},"end":{"line":324,"column":14},"skip":true}]},"7":{"line":70,"type":"if","locations":[{"start":{"line":70,"column":12},"end":{"line":70,"column":12},"skip":true},{"start":{"line":70,"column":12},"end":{"line":70,"column":12},"skip":true}]},"8":{"line":70,"type":"binary-expr","locations":[{"start":{"line":70,"column":16},"end":{"line":70,"column":22},"skip":true},{"start":{"line":70,"column":27},"end":{"line":70,"column":32},"skip":true},{"start":{"line":71,"column":20},"end":{"line":71,"column":39},"skip":true},{"start":{"line":72,"column":20},"end":{"line":72,"column":49},"skip":true},{"start":{"line":73,"column":20},"end":{"line":73,"column":58},"skip":true},{"start":{"line":74,"column":20},"end":{"line":74,"column":69},"skip":true}]},"9":{"line":79,"type":"switch","locations":[{"start":{"line":80,"column":20},"end":{"line":80,"column":33},"skip":true},{"start":{"line":81,"column":20},"end":{"line":83,"column":30},"skip":true},{"start":{"line":84,"column":20},"end":{"line":85,"column":49},"skip":true}]},"10":{"line":89,"type":"switch","locations":[{"start":{"line":90,"column":12},"end":{"line":103,"column":22},"skip":true},{"start":{"line":105,"column":12},"end":{"line":106,"column":22},"skip":true}]},"11":{"line":89,"type":"binary-expr","locations":[{"start":{"line":89,"column":20},"end":{"line":89,"column":25},"skip":true},{"start":{"line":89,"column":29},"end":{"line":89,"column":48},"skip":true},{"start":{"line":89,"column":52},"end":{"line":89,"column":74},"skip":true}]},"12":{"line":92,"type":"if","locations":[{"start":{"line":92,"column":16},"end":{"line":92,"column":16},"skip":true},{"start":{"line":92,"column":16},"end":{"line":92,"column":16},"skip":true}]},"13":{"line":108,"type":"if","locations":[{"start":{"line":108,"column":12},"end":{"line":108,"column":12},"skip":true},{"start":{"line":108,"column":12},"end":{"line":108,"column":12},"skip":true}]},"14":{"line":108,"type":"binary-expr","locations":[{"start":{"line":108,"column":16},"end":{"line":108,"column":61},"skip":true},{"start":{"line":108,"column":66},"end":{"line":108,"column":72},"skip":true},{"start":{"line":108,"column":77},"end":{"line":108,"column":82},"skip":true},{"start":{"line":109,"column":20},"end":{"line":109,"column":39},"skip":true},{"start":{"line":110,"column":20},"end":{"line":110,"column":49},"skip":true},{"start":{"line":111,"column":20},"end":{"line":111,"column":58},"skip":true},{"start":{"line":112,"column":20},"end":{"line":112,"column":68},"skip":true}]},"15":{"line":129,"type":"if","locations":[{"start":{"line":129,"column":16},"end":{"line":129,"column":16},"skip":true},{"start":{"line":129,"column":16},"end":{"line":129,"column":16},"skip":true}]},"16":{"line":134,"type":"cond-expr","locations":[{"start":{"line":135,"column":26},"end":{"line":135,"column":29},"skip":true},{"start":{"line":136,"column":26},"end":{"line":136,"column":54},"skip":true}]},"17":{"line":164,"type":"binary-expr","locations":[{"start":{"line":164,"column":27},"end":{"line":164,"column":43},"skip":true},{"start":{"line":164,"column":47},"end":{"line":164,"column":49},"skip":true}]},"18":{"line":258,"type":"if","locations":[{"start":{"line":258,"column":8},"end":{"line":258,"column":8},"skip":true},{"start":{"line":258,"column":8},"end":{"line":258,"column":8},"skip":true}]},"19":{"line":275,"type":"switch","locations":[{"start":{"line":276,"column":20},"end":{"line":277,"column":64},"skip":true},{"start":{"line":278,"column":20},"end":{"line":279,"column":40},"skip":true},{"start":{"line":280,"column":20},"end":{"line":281,"column":40},"skip":true},{"start":{"line":282,"column":20},"end":{"line":283,"column":39},"skip":true}]},"20":{"line":288,"type":"if","locations":[{"start":{"line":288,"column":8},"end":{"line":288,"column":8},"skip":true},{"start":{"line":288,"column":8},"end":{"line":288,"column":8},"skip":true}]},"21":{"line":288,"type":"binary-expr","locations":[{"start":{"line":288,"column":12},"end":{"line":288,"column":40},"skip":true},{"start":{"line":288,"column":44},"end":{"line":288,"column":67},"skip":true}]},"22":{"line":292,"type":"binary-expr","locations":[{"start":{"line":292,"column":12},"end":{"line":292,"column":50},"skip":true},{"start":{"line":293,"column":12},"end":{"line":293,"column":53},"skip":true}]},"23":{"line":297,"type":"binary-expr","locations":[{"start":{"line":297,"column":12},"end":{"line":297,"column":65},"skip":true},{"start":{"line":298,"column":12},"end":{"line":301,"column":36},"skip":true}]},"24":{"line":303,"type":"binary-expr","locations":[{"start":{"line":303,"column":43},"end":{"line":303,"column":75},"skip":true},{"start":{"line":303,"column":79},"end":{"line":303,"column":81},"skip":true}]},"25":{"line":306,"type":"if","locations":[{"start":{"line":306,"column":8},"end":{"line":306,"column":8},"skip":true},{"start":{"line":306,"column":8},"end":{"line":306,"column":8},"skip":true}]},"26":{"line":310,"type":"if","locations":[{"start":{"line":310,"column":8},"end":{"line":310,"column":8},"skip":true},{"start":{"line":310,"column":8},"end":{"line":310,"column":8},"skip":true}]},"27":{"line":313,"type":"binary-expr","locations":[{"start":{"line":313,"column":27},"end":{"line":313,"column":43},"skip":true},{"start":{"line":313,"column":47},"end":{"line":313,"column":53},"skip":true}]},"28":{"line":317,"type":"if","locations":[{"start":{"line":317,"column":12},"end":{"line":317,"column":12},"skip":true},{"start":{"line":317,"column":12},"end":{"line":317,"column":12},"skip":true}]}},"code":["/*","example.js","","quickstart example","","instruction","    1. save this script as example.js","    2. run the shell command:","        $ npm install npmtest-raccoon && PORT=8081 node example.js","    3. play with the browser-demo on http://127.0.0.1:8081","*/","","","","/* istanbul instrument in package npmtest_raccoon */","/*jslint","    bitwise: true,","    browser: true,","    maxerr: 8,","    maxlen: 96,","    node: true,","    nomen: true,","    regexp: true,","    stupid: true","*/","(function () {","    'use strict';","    var local;","","","","    // run shared js-env code - pre-init","    (function () {","        // init local","        local = {};","        // init modeJs","        local.modeJs = (function () {","            try {","                return typeof navigator.userAgent === 'string' &&","                    typeof document.querySelector('body') === 'object' &&","                    typeof XMLHttpRequest.prototype.open === 'function' &&","                    'browser';","            } catch (errorCaughtBrowser) {","                return module.exports &&","                    typeof process.versions.node === 'string' &&","                    typeof require('http').createServer === 'function' &&","                    'node';","            }","        }());","        // init global","        local.global = local.modeJs === 'browser'","            ? window","            : global;","        // init utility2_rollup","        local = local.global.utility2_rollup || (local.modeJs === 'browser'","            ? local.global.utility2_npmtest_raccoon","            : global.utility2_moduleExports);","        // export local","        local.global.local = local;","    }());","    switch (local.modeJs) {","","","","    // post-init","    // run browser js-env code - post-init","    /* istanbul ignore next */","    case 'browser':","        local.testRunBrowser = function (event) {","            if (!event || (event &&","                    event.currentTarget &&","                    event.currentTarget.className &&","                    event.currentTarget.className.includes &&","                    event.currentTarget.className.includes('onreset'))) {","                // reset output","                Array.from(","                    document.querySelectorAll('body > .resettable')","                ).forEach(function (element) {","                    switch (element.tagName) {","                    case 'INPUT':","                    case 'TEXTAREA':","                        element.value = '';","                        break;","                    default:","                        element.textContent = '';","                    }","                });","            }","            switch (event && event.currentTarget && event.currentTarget.id) {","            case 'testRunButton1':","                // show tests","                if (document.querySelector('#testReportDiv1').style.display === 'none') {","                    document.querySelector('#testReportDiv1').style.display = 'block';","                    document.querySelector('#testRunButton1').textContent =","                        'hide internal test';","                    local.modeTest = true;","                    local.testRunDefault(local);","                // hide tests","                } else {","                    document.querySelector('#testReportDiv1').style.display = 'none';","                    document.querySelector('#testRunButton1').textContent = 'run internal test';","                }","                break;","            // custom-case","            default:","                break;","            }","            if (document.querySelector('#inputTextareaEval1') && (!event || (event &&","                    event.currentTarget &&","                    event.currentTarget.className &&","                    event.currentTarget.className.includes &&","                    event.currentTarget.className.includes('oneval')))) {","                // try to eval input-code","                try {","                    /*jslint evil: true*/","                    eval(document.querySelector('#inputTextareaEval1').value);","                } catch (errorCaught) {","                    console.error(errorCaught);","                }","            }","        };","        // log stderr and stdout to #outputTextareaStdout1","        ['error', 'log'].forEach(function (key) {","            console[key + '_original'] = console[key];","            console[key] = function () {","                var element;","                console[key + '_original'].apply(console, arguments);","                element = document.querySelector('#outputTextareaStdout1');","                if (!element) {","                    return;","                }","                // append text to #outputTextareaStdout1","                element.value += Array.from(arguments).map(function (arg) {","                    return typeof arg === 'string'","                        ? arg","                        : JSON.stringify(arg, null, 4);","                }).join(' ') + '\\n';","                // scroll textarea to bottom","                element.scrollTop = element.scrollHeight;","            };","        });","        // init event-handling","        ['change', 'click', 'keyup'].forEach(function (event) {","            Array.from(document.querySelectorAll('.on' + event)).forEach(function (element) {","                element.addEventListener(event, local.testRunBrowser);","            });","        });","        // run tests","        local.testRunBrowser();","        break;","","","","    // run node js-env code - post-init","    /* istanbul ignore next */","    case 'node':","        // export local","        module.exports = local;","        // require modules","        local.fs = require('fs');","        local.http = require('http');","        local.url = require('url');","        // init assets","        local.assetsDict = local.assetsDict || {};","        /* jslint-ignore-begin */","        local.assetsDict['/assets.index.template.html'] = '\\","<!doctype html>\\n\\","<html lang=\"en\">\\n\\","<head>\\n\\","<meta charset=\"UTF-8\">\\n\\","<meta name=\"viewport\" content=\"width=device-width, initial-scale=1\">\\n\\","<title>{{env.npm_package_name}} (v{{env.npm_package_version}})</title>\\n\\","<style>\\n\\","/*csslint\\n\\","    box-sizing: false,\\n\\","    universal-selector: false\\n\\","*/\\n\\","* {\\n\\","    box-sizing: border-box;\\n\\","}\\n\\","body {\\n\\","    background: #dde;\\n\\","    font-family: Arial, Helvetica, sans-serif;\\n\\","    margin: 2rem;\\n\\","}\\n\\","body > * {\\n\\","    margin-bottom: 1rem;\\n\\","}\\n\\",".utility2FooterDiv {\\n\\","    margin-top: 20px;\\n\\","    text-align: center;\\n\\","}\\n\\","</style>\\n\\","<style>\\n\\","/*csslint\\n\\","*/\\n\\","textarea {\\n\\","    font-family: monospace;\\n\\","    height: 10rem;\\n\\","    width: 100%;\\n\\","}\\n\\","textarea[readonly] {\\n\\","    background: #ddd;\\n\\","}\\n\\","</style>\\n\\","</head>\\n\\","<body>\\n\\","<!-- utility2-comment\\n\\","<div id=\"ajaxProgressDiv1\" style=\"background: #d00; height: 2px; left: 0; margin: 0; padding: 0; position: fixed; top: 0; transition: background 0.5s, width 1.5s; width: 25%;\"></div>\\n\\","utility2-comment -->\\n\\","<h1>\\n\\","<!-- utility2-comment\\n\\","    <a\\n\\","        {{#if env.npm_package_homepage}}\\n\\","        href=\"{{env.npm_package_homepage}}\"\\n\\","        {{/if env.npm_package_homepage}}\\n\\","        target=\"_blank\"\\n\\","    >\\n\\","utility2-comment -->\\n\\","        {{env.npm_package_name}} (v{{env.npm_package_version}})\\n\\","<!-- utility2-comment\\n\\","    </a>\\n\\","utility2-comment -->\\n\\","</h1>\\n\\","<h3>{{env.npm_package_description}}</h3>\\n\\","<!-- utility2-comment\\n\\","<h4><a download href=\"assets.app.js\">download standalone app</a></h4>\\n\\","<button class=\"onclick onreset\" id=\"testRunButton1\">run internal test</button><br>\\n\\","<div id=\"testReportDiv1\" style=\"display: none;\"></div>\\n\\","utility2-comment -->\\n\\","\\n\\","\\n\\","\\n\\","<label>stderr and stdout</label>\\n\\","<textarea class=\"resettable\" id=\"outputTextareaStdout1\" readonly></textarea>\\n\\","<!-- utility2-comment\\n\\","{{#if isRollup}}\\n\\","<script src=\"assets.app.js\"></script>\\n\\","{{#unless isRollup}}\\n\\","utility2-comment -->\\n\\","<script src=\"assets.utility2.rollup.js\"></script>\\n\\","<script src=\"jsonp.utility2._stateInit?callback=window.utility2._stateInit\"></script>\\n\\","<script src=\"assets.npmtest_raccoon.rollup.js\"></script>\\n\\","<script src=\"assets.example.js\"></script>\\n\\","<script src=\"assets.test.js\"></script>\\n\\","<!-- utility2-comment\\n\\","{{/if isRollup}}\\n\\","utility2-comment -->\\n\\","<div class=\"utility2FooterDiv\">\\n\\","    [ this app was created with\\n\\","    <a href=\"https://github.com/kaizhu256/node-utility2\" target=\"_blank\">utility2</a>\\n\\","    ]\\n\\","</div>\\n\\","</body>\\n\\","</html>\\n\\","';","        /* jslint-ignore-end */","        if (local.templateRender) {","            local.assetsDict['/'] = local.templateRender(","                local.assetsDict['/assets.index.template.html'],","                {","                    env: local.objectSetDefault(local.env, {","                        npm_package_description: 'the greatest app in the world!',","                        npm_package_name: 'my-app',","                        npm_package_nameAlias: 'my_app',","                        npm_package_version: '0.0.1'","                    })","                }","            );","        } else {","            local.assetsDict['/'] = local.assetsDict['/assets.index.template.html']","                .replace((/\\{\\{env\\.(\\w+?)\\}\\}/g), function (match0, match1) {","                    // jslint-hack","                    String(match0);","                    switch (match1) {","                    case 'npm_package_description':","                        return 'the greatest app in the world!';","                    case 'npm_package_name':","                        return 'my-app';","                    case 'npm_package_nameAlias':","                        return 'my_app';","                    case 'npm_package_version':","                        return '0.0.1';","                    }","                });","        }","        // run the cli","        if (local.global.utility2_rollup || module !== require.main) {","            break;","        }","        local.assetsDict['/assets.example.js'] =","            local.assetsDict['/assets.example.js'] ||","            local.fs.readFileSync(__filename, 'utf8');","        // bug-workaround - long $npm_package_buildCustomOrg","        /* jslint-ignore-begin */","        local.assetsDict['/assets.npmtest_raccoon.rollup.js'] =","            local.assetsDict['/assets.npmtest_raccoon.rollup.js'] ||","            local.fs.readFileSync(","                local.npmtest_raccoon.__dirname + '/lib.npmtest_raccoon.js',","                'utf8'","            ).replace((/^#!/), '//');","        /* jslint-ignore-end */","        local.assetsDict['/favicon.ico'] = local.assetsDict['/favicon.ico'] || '';","        // if $npm_config_timeout_exit exists,","        // then exit this process after $npm_config_timeout_exit ms","        if (Number(process.env.npm_config_timeout_exit)) {","            setTimeout(process.exit, Number(process.env.npm_config_timeout_exit));","        }","        // start server","        if (local.global.utility2_serverHttp1) {","            break;","        }","        process.env.PORT = process.env.PORT || '8081';","        console.error('server starting on port ' + process.env.PORT);","        local.http.createServer(function (request, response) {","            request.urlParsed = local.url.parse(request.url);","            if (local.assetsDict[request.urlParsed.pathname] !== undefined) {","                response.end(local.assetsDict[request.urlParsed.pathname]);","                return;","            }","            response.statusCode = 404;","            response.end();","        }).listen(process.env.PORT);","        break;","    }","}());",""],"l":{"26":2,"28":2,"33":2,"35":2,"37":2,"38":2,"39":2,"44":1,"51":2,"55":2,"59":2,"61":2,"69":1,"70":2,"76":2,"79":2,"82":2,"83":2,"85":1,"89":2,"92":1,"93":1,"94":1,"96":1,"97":1,"100":1,"101":1,"103":1,"106":1,"108":2,"114":1,"116":1,"118":1,"123":1,"124":2,"125":2,"126":3,"127":3,"128":3,"129":3,"130":1,"133":3,"134":3,"139":3,"143":1,"144":3,"145":1,"149":1,"150":1,"158":1,"160":1,"161":1,"162":1,"164":1,"166":1,"258":1,"259":1,"271":1,"274":6,"275":6,"277":1,"279":2,"281":1,"283":2,"288":1,"289":1,"291":1,"296":1,"303":1,"306":1,"307":1,"310":1,"311":1,"313":1,"314":1,"315":1,"316":1,"317":1,"318":1,"319":1,"321":1,"322":1,"324":1}},"/home/travis/build/npmtest/node-npmtest-raccoon/node_modules/raccoon/index.js":{"path":"/home/travis/build/npmtest/node-npmtest-raccoon/node_modules/raccoon/index.js","s":{"1":1},"b":{},"f":{},"fnMap":{},"statementMap":{"1":{"start":{"line":1,"column":0},"end":{"line":1,"column":42}}},"branchMap":{},"code":["module.exports = require('./lib/raccoon');",""],"l":{"1":1}},"/home/travis/build/npmtest/node-npmtest-raccoon/node_modules/raccoon/lib/raccoon.js":{"path":"/home/travis/build/npmtest/node-npmtest-raccoon/node_modules/raccoon/lib/raccoon.js","s":{"1":1,"2":1,"3":1,"4":1,"5":1,"6":1},"b":{},"f":{"1":1},"fnMap":{"1":{"name":"(anonymous_1)","line":8,"loc":{"start":{"line":8,"column":13},"end":{"line":8,"column":20}}}},"statementMap":{"1":{"start":{"line":2,"column":0},"end":{"line":5,"column":30}},"2":{"start":{"line":12,"column":0},"end":{"line":18,"column":10}},"3":{"start":{"line":20,"column":0},"end":{"line":37,"column":9}},"4":{"start":{"line":39,"column":0},"end":{"line":41,"column":9}},"5":{"start":{"line":43,"column":0},"end":{"line":44,"column":56}},"6":{"start":{"line":46,"column":0},"end":{"line":46,"column":41}}},"branchMap":{},"code":["","const config = require('./config.js'),","  algo = require('./algorithms.js'),","  input = require('./input.js'),","  stat = require('./stat.js');","","class Raccoon {","  constructor(args) {","  }","}","","const inputProtoMethods = {","  liked,","  disliked,","  unliked,","  undisliked,","  updateSequence","} = input;","","const statProtoMethods = {","  recommendFor,","  bestRated,","  worstRated,","  bestRatedWithScores,","  mostLiked,","  mostDisliked,","  usersWhoLikedAlsoLiked,","  mostSimilarUsers,","  leastSimilarUsers,","  likedBy,","  likedCount,","  dislikedBy,","  dislikedCount,","  allLikedFor,","  allDislikedFor,","  allWatchedFor","} = stat;","","const recProtoMethods = {","  predictFor: algo.predictFor","} = algo;","","Raccoon.prototype = Object.assign(Raccoon.prototype, { config, stat },","  inputProtoMethods, statProtoMethods, recProtoMethods);","","module.exports = exports = new Raccoon();",""],"l":{"2":1,"12":1,"20":1,"39":1,"43":1,"46":1}},"/home/travis/build/npmtest/node-npmtest-raccoon/node_modules/raccoon/lib/config.js":{"path":"/home/travis/build/npmtest/node-npmtest-raccoon/node_modules/raccoon/lib/config.js","s":{"1":1,"2":1,"3":1,"4":1,"5":1,"6":1,"7":1,"8":1},"b":{"1":[1,1],"2":[1,1],"3":[1,1]},"f":{"1":1},"fnMap":{"1":{"name":"(anonymous_1)","line":3,"loc":{"start":{"line":3,"column":13},"end":{"line":3,"column":20}}}},"statementMap":{"1":{"start":{"line":4,"column":4},"end":{"line":4,"column":30}},"2":{"start":{"line":5,"column":4},"end":{"line":5,"column":29}},"3":{"start":{"line":6,"column":4},"end":{"line":6,"column":29}},"4":{"start":{"line":7,"column":4},"end":{"line":7,"column":46}},"5":{"start":{"line":8,"column":4},"end":{"line":8,"column":65}},"6":{"start":{"line":9,"column":4},"end":{"line":9,"column":60}},"7":{"start":{"line":10,"column":4},"end":{"line":10,"column":58}},"8":{"start":{"line":14,"column":0},"end":{"line":14,"column":40}}},"branchMap":{"1":{"line":8,"type":"binary-expr","locations":[{"start":{"line":8,"column":20},"end":{"line":8,"column":49}},{"start":{"line":8,"column":53},"end":{"line":8,"column":64}}]},"2":{"line":9,"type":"binary-expr","locations":[{"start":{"line":9,"column":21},"end":{"line":9,"column":51}},{"start":{"line":9,"column":55},"end":{"line":9,"column":59}}]},"3":{"line":10,"type":"binary-expr","locations":[{"start":{"line":10,"column":21},"end":{"line":10,"column":51}},{"start":{"line":10,"column":55},"end":{"line":10,"column":57}}]}},"code":["","class Config {","  constructor(args) {","    this.nearestNeighbors = 5;","    this.className = 'movie';","    this.numOfRecsStore = 30;","    this.factorLeastSimilarLeastLiked = false;","    this.redisUrl = process.env.RACCOON_REDIS_URL || '127.0.0.1';","    this.redisPort = process.env.RACCOON_REDIS_PORT || 6379;","    this.redisAuth = process.env.RACCOON_REDIS_AUTH || '';","  }","}","","module.exports = exports = new Config();",""],"l":{"4":1,"5":1,"6":1,"7":1,"8":1,"9":1,"10":1,"14":1}},"/home/travis/build/npmtest/node-npmtest-raccoon/node_modules/raccoon/lib/algorithms.js":{"path":"/home/travis/build/npmtest/node-npmtest-raccoon/node_modules/raccoon/lib/algorithms.js","s":{"1":1,"2":1,"3":0,"4":0,"5":0,"6":0,"7":0,"8":0,"9":0,"10":0,"11":0,"12":0,"13":1,"14":0,"15":0,"16":0,"17":0,"18":0,"19":0,"20":0,"21":0,"22":0,"23":0,"24":0,"25":0,"26":0,"27":0,"28":0,"29":0,"30":0,"31":0,"32":0,"33":1,"34":0,"35":0,"36":0,"37":0,"38":0,"39":0,"40":0,"41":0,"42":0,"43":0,"44":0,"45":0,"46":0,"47":0,"48":0,"49":0,"50":0,"51":1,"52":0,"53":0,"54":0,"55":0,"56":0,"57":0,"58":0,"59":0,"60":1,"61":0,"62":0,"63":0,"64":0,"65":0,"66":0,"67":0,"68":0,"69":0,"70":0,"71":0,"72":0,"73":0,"74":0,"75":0,"76":0,"77":0,"78":0,"79":0,"80":0,"81":0,"82":0,"83":0,"84":0,"85":0,"86":0,"87":0,"88":0,"89":0,"90":1,"91":0,"92":0,"93":0,"94":0,"95":0,"96":0,"97":0,"98":0,"99":0,"100":0,"101":0,"102":0,"103":0,"104":0,"105":0,"106":0},"b":{"1":[0,0],"2":[0,0],"3":[0,0],"4":[0,0],"5":[0,0],"6":[0,0],"7":[0,0],"8":[0,0]},"f":{"1":0,"2":0,"3":0,"4":0,"5":0,"6":0,"7":0,"8":0,"9":0,"10":0,"11":0,"12":0,"13":0,"14":0,"15":0,"16":0,"17":0,"18":0,"19":0,"20":0,"21":0,"22":0,"23":0,"24":0,"25":0,"26":0,"27":0,"28":0,"29":0,"30":0,"31":0,"32":0,"33":0,"34":0,"35":0,"36":0,"37":0,"38":0,"39":0,"40":0,"41":0,"42":0,"43":0},"fnMap":{"1":{"name":"(anonymous_1)","line":10,"loc":{"start":{"line":10,"column":27},"end":{"line":10,"column":63}}},"2":{"name":"(anonymous_2)","line":21,"loc":{"start":{"line":21,"column":45},"end":{"line":21,"column":68}}},"3":{"name":"(anonymous_3)","line":23,"loc":{"start":{"line":23,"column":53},"end":{"line":23,"column":76}}},"4":{"name":"(anonymous_4)","line":25,"loc":{"start":{"line":25,"column":52},"end":{"line":25,"column":75}}},"5":{"name":"(anonymous_5)","line":27,"loc":{"start":{"line":27,"column":54},"end":{"line":27,"column":77}}},"6":{"name":"(anonymous_6)","line":45,"loc":{"start":{"line":45,"column":30},"end":{"line":45,"column":50}}},"7":{"name":"(anonymous_7)","line":54,"loc":{"start":{"line":54,"column":71},"end":{"line":54,"column":102}}},"8":{"name":"(anonymous_8)","line":58,"loc":{"start":{"line":58,"column":52},"end":{"line":58,"column":73}}},"9":{"name":"(anonymous_9)","line":70,"loc":{"start":{"line":70,"column":39},"end":{"line":70,"column":74}}},"10":{"name":"(anonymous_10)","line":74,"loc":{"start":{"line":74,"column":8},"end":{"line":74,"column":39}}},"11":{"name":"(anonymous_11)","line":84,"loc":{"start":{"line":84,"column":52},"end":{"line":84,"column":69}}},"12":{"name":"(anonymous_12)","line":86,"loc":{"start":{"line":86,"column":63},"end":{"line":86,"column":76}}},"13":{"name":"(anonymous_13)","line":94,"loc":{"start":{"line":94,"column":8},"end":{"line":94,"column":21}}},"14":{"name":"(anonymous_14)","line":102,"loc":{"start":{"line":102,"column":21},"end":{"line":102,"column":45}}},"15":{"name":"(anonymous_15)","line":112,"loc":{"start":{"line":112,"column":54},"end":{"line":112,"column":71}}},"16":{"name":"(anonymous_16)","line":113,"loc":{"start":{"line":113,"column":59},"end":{"line":113,"column":76}}},"17":{"name":"(anonymous_17)","line":115,"loc":{"start":{"line":115,"column":33},"end":{"line":115,"column":60}}},"18":{"name":"(anonymous_18)","line":116,"loc":{"start":{"line":116,"column":38},"end":{"line":116,"column":68}}},"19":{"name":"(anonymous_19)","line":130,"loc":{"start":{"line":130,"column":24},"end":{"line":130,"column":53}}},"20":{"name":"(anonymous_20)","line":132,"loc":{"start":{"line":132,"column":27},"end":{"line":132,"column":49}}},"21":{"name":"(anonymous_21)","line":134,"loc":{"start":{"line":134,"column":6},"end":{"line":134,"column":32}}},"22":{"name":"(anonymous_22)","line":135,"loc":{"start":{"line":135,"column":38},"end":{"line":135,"column":59}}},"23":{"name":"(anonymous_23)","line":141,"loc":{"start":{"line":141,"column":6},"end":{"line":141,"column":19}}},"24":{"name":"(anonymous_24)","line":153,"loc":{"start":{"line":153,"column":35},"end":{"line":153,"column":55}}},"25":{"name":"(anonymous_25)","line":164,"loc":{"start":{"line":164,"column":65},"end":{"line":164,"column":98}}},"26":{"name":"(anonymous_26)","line":166,"loc":{"start":{"line":166,"column":64},"end":{"line":166,"column":98}}},"27":{"name":"(anonymous_27)","line":168,"loc":{"start":{"line":168,"column":33},"end":{"line":168,"column":53}}},"28":{"name":"(anonymous_28)","line":173,"loc":{"start":{"line":173,"column":34},"end":{"line":173,"column":54}}},"29":{"name":"(anonymous_29)","line":179,"loc":{"start":{"line":179,"column":40},"end":{"line":179,"column":54}}},"30":{"name":"(anonymous_30)","line":182,"loc":{"start":{"line":182,"column":95},"end":{"line":182,"column":126}}},"31":{"name":"(anonymous_31)","line":185,"loc":{"start":{"line":185,"column":14},"end":{"line":185,"column":40}}},"32":{"name":"(anonymous_32)","line":194,"loc":{"start":{"line":194,"column":14},"end":{"line":194,"column":27}}},"33":{"name":"(anonymous_33)","line":195,"loc":{"start":{"line":195,"column":44},"end":{"line":195,"column":57}}},"34":{"name":"(anonymous_34)","line":197,"loc":{"start":{"line":197,"column":20},"end":{"line":197,"column":49}}},"35":{"name":"(anonymous_35)","line":198,"loc":{"start":{"line":198,"column":79},"end":{"line":198,"column":92}}},"36":{"name":"(anonymous_36)","line":203,"loc":{"start":{"line":203,"column":20},"end":{"line":203,"column":33}}},"37":{"name":"(anonymous_37)","line":204,"loc":{"start":{"line":204,"column":50},"end":{"line":204,"column":63}}},"38":{"name":"(anonymous_38)","line":205,"loc":{"start":{"line":205,"column":54},"end":{"line":205,"column":75}}},"39":{"name":"(anonymous_39)","line":206,"loc":{"start":{"line":206,"column":101},"end":{"line":206,"column":114}}},"40":{"name":"(anonymous_40)","line":227,"loc":{"start":{"line":227,"column":28},"end":{"line":227,"column":54}}},"41":{"name":"(anonymous_41)","line":237,"loc":{"start":{"line":237,"column":27},"end":{"line":237,"column":54}}},"42":{"name":"(anonymous_42)","line":239,"loc":{"start":{"line":239,"column":32},"end":{"line":239,"column":62}}},"43":{"name":"(anonymous_43)","line":258,"loc":{"start":{"line":258,"column":47},"end":{"line":258,"column":60}}}},"statementMap":{"1":{"start":{"line":2,"column":0},"end":{"line":5,"column":25}},"2":{"start":{"line":10,"column":0},"end":{"line":40,"column":2}},"3":{"start":{"line":11,"column":2},"end":{"line":13,"column":22}},"4":{"start":{"line":15,"column":2},"end":{"line":18,"column":52}},"5":{"start":{"line":21,"column":2},"end":{"line":39,"column":5}},"6":{"start":{"line":23,"column":4},"end":{"line":38,"column":7}},"7":{"start":{"line":25,"column":6},"end":{"line":37,"column":9}},"8":{"start":{"line":27,"column":8},"end":{"line":36,"column":11}},"9":{"start":{"line":29,"column":10},"end":{"line":29,"column":89}},"10":{"start":{"line":31,"column":10},"end":{"line":31,"column":92}},"11":{"start":{"line":33,"column":10},"end":{"line":33,"column":57}},"12":{"start":{"line":35,"column":10},"end":{"line":35,"column":38}},"13":{"start":{"line":45,"column":0},"end":{"line":100,"column":2}},"14":{"start":{"line":48,"column":2},"end":{"line":48,"column":26}},"15":{"start":{"line":50,"column":2},"end":{"line":50,"column":69}},"16":{"start":{"line":52,"column":2},"end":{"line":52,"column":52}},"17":{"start":{"line":54,"column":2},"end":{"line":99,"column":5}},"18":{"start":{"line":56,"column":4},"end":{"line":66,"column":5}},"19":{"start":{"line":58,"column":6},"end":{"line":65,"column":9}},"20":{"start":{"line":60,"column":8},"end":{"line":60,"column":47}},"21":{"start":{"line":62,"column":8},"end":{"line":62,"column":53}},"22":{"start":{"line":64,"column":8},"end":{"line":64,"column":41}},"23":{"start":{"line":68,"column":4},"end":{"line":68,"column":57}},"24":{"start":{"line":70,"column":4},"end":{"line":98,"column":7}},"25":{"start":{"line":72,"column":6},"end":{"line":97,"column":8}},"26":{"start":{"line":76,"column":10},"end":{"line":79,"column":11}},"27":{"start":{"line":78,"column":12},"end":{"line":78,"column":23}},"28":{"start":{"line":81,"column":10},"end":{"line":91,"column":11}},"29":{"start":{"line":84,"column":12},"end":{"line":90,"column":15}},"30":{"start":{"line":86,"column":14},"end":{"line":89,"column":17}},"31":{"start":{"line":88,"column":16},"end":{"line":88,"column":27}},"32":{"start":{"line":95,"column":10},"end":{"line":95,"column":15}},"33":{"start":{"line":102,"column":0},"end":{"line":128,"column":2}},"34":{"start":{"line":103,"column":2},"end":{"line":103,"column":26}},"35":{"start":{"line":104,"column":2},"end":{"line":104,"column":26}},"36":{"start":{"line":105,"column":2},"end":{"line":105,"column":31}},"37":{"start":{"line":106,"column":2},"end":{"line":106,"column":23}},"38":{"start":{"line":107,"column":2},"end":{"line":107,"column":52}},"39":{"start":{"line":108,"column":2},"end":{"line":108,"column":48}},"40":{"start":{"line":109,"column":2},"end":{"line":109,"column":54}},"41":{"start":{"line":111,"column":2},"end":{"line":127,"column":5}},"42":{"start":{"line":112,"column":4},"end":{"line":126,"column":7}},"43":{"start":{"line":113,"column":6},"end":{"line":125,"column":9}},"44":{"start":{"line":114,"column":8},"end":{"line":114,"column":47}},"45":{"start":{"line":115,"column":8},"end":{"line":124,"column":11}},"46":{"start":{"line":116,"column":10},"end":{"line":123,"column":13}},"47":{"start":{"line":117,"column":12},"end":{"line":117,"column":89}},"48":{"start":{"line":118,"column":12},"end":{"line":122,"column":13}},"49":{"start":{"line":119,"column":14},"end":{"line":119,"column":34}},"50":{"start":{"line":121,"column":14},"end":{"line":121,"column":27}},"51":{"start":{"line":130,"column":0},"end":{"line":146,"column":2}},"52":{"start":{"line":131,"column":2},"end":{"line":131,"column":23}},"53":{"start":{"line":132,"column":2},"end":{"line":145,"column":5}},"54":{"start":{"line":133,"column":4},"end":{"line":144,"column":6}},"55":{"start":{"line":135,"column":8},"end":{"line":139,"column":11}},"56":{"start":{"line":136,"column":10},"end":{"line":136,"column":53}},"57":{"start":{"line":137,"column":10},"end":{"line":137,"column":33}},"58":{"start":{"line":138,"column":10},"end":{"line":138,"column":21}},"59":{"start":{"line":142,"column":8},"end":{"line":142,"column":23}},"60":{"start":{"line":153,"column":0},"end":{"line":223,"column":2}},"61":{"start":{"line":155,"column":2},"end":{"line":155,"column":26}},"62":{"start":{"line":157,"column":2},"end":{"line":157,"column":23}},"63":{"start":{"line":158,"column":2},"end":{"line":158,"column":20}},"64":{"start":{"line":160,"column":2},"end":{"line":160,"column":54}},"65":{"start":{"line":161,"column":2},"end":{"line":161,"column":52}},"66":{"start":{"line":162,"column":2},"end":{"line":162,"column":54}},"67":{"start":{"line":164,"column":2},"end":{"line":222,"column":5}},"68":{"start":{"line":166,"column":4},"end":{"line":221,"column":7}},"69":{"start":{"line":168,"column":6},"end":{"line":170,"column":9}},"70":{"start":{"line":169,"column":8},"end":{"line":169,"column":50}},"71":{"start":{"line":173,"column":6},"end":{"line":175,"column":9}},"72":{"start":{"line":174,"column":8},"end":{"line":174,"column":53}},"73":{"start":{"line":177,"column":6},"end":{"line":220,"column":7}},"74":{"start":{"line":178,"column":8},"end":{"line":178,"column":45}},"75":{"start":{"line":179,"column":8},"end":{"line":217,"column":11}},"76":{"start":{"line":182,"column":10},"end":{"line":216,"column":13}},"77":{"start":{"line":184,"column":12},"end":{"line":215,"column":14}},"78":{"start":{"line":186,"column":16},"end":{"line":190,"column":19}},"79":{"start":{"line":188,"column":18},"end":{"line":188,"column":49}},"80":{"start":{"line":189,"column":18},"end":{"line":189,"column":29}},"81":{"start":{"line":195,"column":16},"end":{"line":213,"column":19}},"82":{"start":{"line":196,"column":18},"end":{"line":212,"column":20}},"83":{"start":{"line":198,"column":22},"end":{"line":200,"column":25}},"84":{"start":{"line":199,"column":24},"end":{"line":199,"column":35}},"85":{"start":{"line":204,"column":22},"end":{"line":210,"column":25}},"86":{"start":{"line":205,"column":24},"end":{"line":209,"column":27}},"87":{"start":{"line":206,"column":26},"end":{"line":208,"column":29}},"88":{"start":{"line":207,"column":28},"end":{"line":207,"column":33}},"89":{"start":{"line":219,"column":8},"end":{"line":219,"column":13}},"90":{"start":{"line":227,"column":0},"end":{"line":265,"column":2}},"91":{"start":{"line":229,"column":2},"end":{"line":229,"column":42}},"92":{"start":{"line":230,"column":2},"end":{"line":230,"column":48}},"93":{"start":{"line":231,"column":2},"end":{"line":231,"column":54}},"94":{"start":{"line":233,"column":2},"end":{"line":233,"column":17}},"95":{"start":{"line":235,"column":2},"end":{"line":235,"column":20}},"96":{"start":{"line":237,"column":2},"end":{"line":264,"column":5}},"97":{"start":{"line":239,"column":4},"end":{"line":263,"column":7}},"98":{"start":{"line":241,"column":6},"end":{"line":262,"column":7}},"99":{"start":{"line":243,"column":8},"end":{"line":243,"column":43}},"100":{"start":{"line":246,"column":8},"end":{"line":246,"column":43}},"101":{"start":{"line":248,"column":8},"end":{"line":256,"column":9}},"102":{"start":{"line":251,"column":10},"end":{"line":251,"column":87}},"103":{"start":{"line":254,"column":10},"end":{"line":254,"column":49}},"104":{"start":{"line":255,"column":10},"end":{"line":255,"column":22}},"105":{"start":{"line":258,"column":8},"end":{"line":261,"column":11}},"106":{"start":{"line":260,"column":10},"end":{"line":260,"column":21}}},"branchMap":{"1":{"line":56,"type":"if","locations":[{"start":{"line":56,"column":4},"end":{"line":56,"column":4}},{"start":{"line":56,"column":4},"end":{"line":56,"column":4}}]},"2":{"line":76,"type":"if","locations":[{"start":{"line":76,"column":10},"end":{"line":76,"column":10}},{"start":{"line":76,"column":10},"end":{"line":76,"column":10}}]},"3":{"line":76,"type":"binary-expr","locations":[{"start":{"line":76,"column":14},"end":{"line":76,"column":47}},{"start":{"line":76,"column":51},"end":{"line":76,"column":73}}]},"4":{"line":81,"type":"if","locations":[{"start":{"line":81,"column":10},"end":{"line":81,"column":10}},{"start":{"line":81,"column":10},"end":{"line":81,"column":10}}]},"5":{"line":118,"type":"if","locations":[{"start":{"line":118,"column":12},"end":{"line":118,"column":12}},{"start":{"line":118,"column":12},"end":{"line":118,"column":12}}]},"6":{"line":136,"type":"binary-expr","locations":[{"start":{"line":136,"column":27},"end":{"line":136,"column":45}},{"start":{"line":136,"column":49},"end":{"line":136,"column":52}}]},"7":{"line":177,"type":"if","locations":[{"start":{"line":177,"column":6},"end":{"line":177,"column":6}},{"start":{"line":177,"column":6},"end":{"line":177,"column":6}}]},"8":{"line":241,"type":"if","locations":[{"start":{"line":241,"column":6},"end":{"line":241,"column":6}},{"start":{"line":241,"column":6},"end":{"line":241,"column":6}}]}},"code":["","const async = require('async'),","  config = require('./config.js'),","  _ = require('underscore'),","  Key = require('./key');","","// the jaccard coefficient outputs an objective measurement of the similarity between two objects. in this case, two users. the coefficient","// is the result of summing the two users likes/dislikes incommon then summing they're likes/dislikes that they disagree on. this sum is","// then divided by the number of items they both reviewed.","const jaccardCoefficient = function(userId1, userId2, callback){","  let similarity = 0,","    finalJaccard = 0,","    ratedInCommon = 0;","","  const user1LikedSet = Key.userLikedSet(userId1),","    user1DislikedSet = Key.userDislikedSet(userId1),","    user2LikedSet = Key.userLikedSet(userId2),","    user2DislikedSet = Key.userDislikedSet(userId2);","","  // retrieving a set of the users likes incommon","  client.sinter(user1LikedSet,user2LikedSet, function(err, results1){","    // retrieving a set of the users dislike incommon","    client.sinter(user1DislikedSet,user2DislikedSet, function(err, results2){","      // retrieving a set of the users like and dislikes that they disagree on","      client.sinter(user1LikedSet,user2DislikedSet, function(err, results3){","        // retrieving a set of the users like and dislikes that they disagree on","        client.sinter(user1DislikedSet,user2LikedSet, function(err, results4){","          // calculating the sum of the similarities minus the sum of the disagreements","          similarity = (results1.length+results2.length-results3.length-results4.length);","          // calculating the number of movies rated incommon","          ratedInCommon = (results1.length+results2.length+results3.length+results4.length);","          // calculating the the modified jaccard score. similarity / num of comparisons made incommon","          finalJaccardScore = similarity / ratedInCommon;","          // calling the callback function passed to jaccard with the new score","          callback(finalJaccardScore);","        });","      });","    });","  });","};","","// this function updates the similarity for one user versus all others. at scale this probably needs to be refactored to compare a user","// against clusters of users instead of against all. every comparison will be a value between -1 and 1 representing simliarity.","// -1 is exact opposite, 1 is exactly the same.","exports.updateSimilarityFor = function(userId, cb){","  // turning the userId into a string. depending on the db they might send an object, in which it won't compare properly when comparing","  // to other users","  userId = String(userId);","  // initializing variables","  let userRatedItemIds, itemLiked, itemDisliked, itemLikeDislikeKeys;","  // setting the redis key for the user's similarity set","  const similarityZSet = Key.similarityZSet(userId);","  // creating a combined set with the all of a users likes and dislikes","  client.sunion(Key.userLikedSet(userId), Key.userDislikedSet(userId), function(err, userRatedItemIds){","    // if they have rated anything","    if (userRatedItemIds.length > 0){","      // creating a list of redis keys to look up all of the likes and dislikes for a given set of items","      itemLikeDislikeKeys = _.map(userRatedItemIds, function(itemId, key){","        // key for that item being liked","        itemLiked = Key.itemLikedBySet(itemId);","        // key for the item being disliked","        itemDisliked = Key.itemDislikedBySet(itemId);","        // returning an array of those keys","        return [itemLiked, itemDisliked];","      });","    }","    // flattening the array of all the likes/dislikes for the items a user rated","    itemLikeDislikeKeys = _.flatten(itemLikeDislikeKeys);","    // builds one set of all the users who liked and disliked the same items","    client.sunion(itemLikeDislikeKeys, function(err, otherUserIdsWhoRated){","      // running in async parallel, going through the array of user ids who also rated the same things","      async.each(otherUserIdsWhoRated,","        // running a function on each item in the list","        function(otherUserId, callback){","          // if there is only one other user or the other user is the same user","          if (otherUserIdsWhoRated.length === 1 || userId === otherUserId){","            // then call the callback and exciting the similarity check","            callback();","          }","          // if the userid is not the same as the user","          if (userId !== otherUserId){","            // calculate the jaccard coefficient for similarity. it will return a value between -1 and 1 showing the two users","            // similarity","            jaccardCoefficient(userId, otherUserId, function(result) {","              // with the returned similarity score, add it to a sorted set named above","              client.zadd(similarityZSet, result, otherUserId, function(err){","                // call the async callback function once finished to indicate that the process is finished","                callback();","              });","            });","          }","        },","        // once all the async comparisons have been made, call the final callback based to the original function","        function(err){","          cb();","        }","      );","    });","  });","};","","exports.predictFor = function(userId, itemId){","  userId = String(userId);","  itemId = String(itemId);","  let finalSimilaritySum = 0.0;","  let prediction = 0.0;","  const similarityZSet = Key.similarityZSet(userId);","  const likedBySet = Key.itemLikedBySet(itemId);","  const dislikedBySet = Key.itemDislikedBySet(itemId);","","  return new Promise((resolve, reject) => {","    exports.similaritySum(similarityZSet, likedBySet, function(result1){","      exports.similaritySum(similarityZSet, dislikedBySet, function(result2){","        finalSimilaritySum = result1 - result2;","        client.scard(likedBySet, function(err, likedByCount){","          client.scard(dislikedBySet, function(err, dislikedByCount){","            prediction = finalSimilaritySum / parseFloat(likedByCount + dislikedByCount);","            if (isFinite(prediction)){","              resolve(prediction);","            } else {","              resolve(0.0);","            }","          });","        });","      });","    });","  });","};","","exports.similaritySum = function(simSet, compSet, cb){","  let similarSum = 0.0;","  client.smembers(compSet, function(err, userIds){","    async.each(userIds,","      function(userId, callback){","        client.zscore(simSet, userId, function(err, zScore){","          const newScore = parseFloat(zScore) || 0.0;","          similarSum += newScore;","          callback();","        });","      },","      function(err){","        cb(similarSum);","      }","    );","  });","};","","// after the similarity is updated for the user, the users recommendations are updated","// recommendations consist of a sorted set in Redis. the values of this set are","// names of the items and the score is what raccoon estimates that user would rate it","// the values are generally not going to be -1 or 1 exactly because there isn't 100%","// certainty.","exports.updateRecommendationsFor = function(userId, cb){","  // turning the user input into a string so it can be compared properly","  userId = String(userId);","  // creating two blank arrays","  let setsToUnion = [];","  let scoreMap = [];","  // initializing the redis keys for temp sets, the similarity set and the recommended set","  const tempAllLikedSet = Key.tempAllLikedSet(userId);","  const similarityZSet = Key.similarityZSet(userId);","  const recommendedZSet = Key.recommendedZSet(userId);","  // returns an array of the users that are most similar within k nearest neighbors","  client.zrevrange(similarityZSet, 0, config.nearestNeighbors-1, function(err, mostSimilarUserIds){","    // returns an array of the users that are least simimilar within k nearest neighbors","    client.zrange(similarityZSet, 0, config.nearestNeighbors-1, function(err, leastSimilarUserIds){","      // iterate through the user ids to create the redis keys for all those users likes","      _.each(mostSimilarUserIds, function(usrId, key){","        setsToUnion.push(Key.userLikedSet(usrId));","      });","      // if you want to factor in the least similar least likes, you change this in config","      // left it off because it was recommending items that every disliked universally","      _.each(leastSimilarUserIds, function(usrId, key){","        setsToUnion.push(Key.userDislikedSet(usrId));","      });","      // if there is at least one set in the array, continue","      if (setsToUnion.length > 0){","        setsToUnion.unshift(tempAllLikedSet);","        client.sunionstore(setsToUnion, function(err) {","          // using the new array of all the items that were liked by people similar and disliked by people opposite, create a new set with all the","          // items that the current user hasn't already rated","          client.sdiff(tempAllLikedSet, Key.userLikedSet(userId), Key.userDislikedSet(userId), function(err, notYetRatedItems){","            // with the array of items that user has not yet rated, iterate through all of them and predict what the current user would rate it","            async.each(notYetRatedItems,","              function(itemId, callback){","                exports.predictFor(userId, itemId).then((score) => {","                  // push the score and item to the score map array.","                  scoreMap.push([score, itemId]);","                  callback();","                });","              },","              // using score map which is an array of what the current user would rate all the unrated items,","              // add them to that users sorted recommended set","              function(err){","                client.del(recommendedZSet, function(err){","                  async.each(scoreMap,","                    function(scorePair, callback){","                      client.zadd(recommendedZSet, scorePair[0], scorePair[1], function(err){","                        callback();","                      });","                    },","                    // after all the additions have been made to the recommended set,","                    function(err){","                      client.del(tempAllLikedSet, function(err){","                        client.zcard(recommendedZSet, function(err, length){","                          client.zremrangebyrank(recommendedZSet, 0, length-config.numOfRecsStore-1, function(err){","                            cb();","                          });","                        });","                      });","                    }","                  );","                });","              }","            );","          });","        });","      } else {","      
[...]
nd":{"line":44,"column":65}},{"start":{"line":44,"column":68},"end":{"line":44,"column":95}}]},"9":{"line":45,"type":"cond-expr","locations":[{"start":{"line":45,"column":41},"end":{"line":45,"column":56}},{"start":{"line":45,"column":59},"end":{"line":45,"column":77}}]},"10":{"line":53,"type":"if","locations":[{"start":{"line":53,"column":6},"end":{"line":53,"column":6}},{"start":{"line":53,"column":6},"end":{"line":53,"column":6}}]},"11":{"line":53,"type":"binary-expr","locations":[{"start":{"line":53,"column":10},"end":{"line":53,"column":22}},{"start":{"line":53,"column":26},"end":{"line":53,"column":39}}]},"12":{"line":55,"type":"if","locations":[{"start":{"line":55,"column":13},"end":{"line":55,"column":13}},{"start":{"line":55,"column":13},"end":{"line":55,"column":13}}]},"13":{"line":55,"type":"binary-expr","locations":[{"start":{"line":55,"column":17},"end":{"line":55,"column":27}},{"start":{"line":55,"column":31},"end":{"line":55,"column":43}}]},"14":{"line":58,"type":"cond-expr","locations":[{"start":{"line":58,"column":28},"end":{"line":58,"column":68}},{"start":{"line":59,"column":8},"end":{"line":59,"column":48}}]},"15":{"line":61,"type":"cond-expr","locations":[{"start":{"line":61,"column":28},"end":{"line":61,"column":68}},{"start":{"line":62,"column":8},"end":{"line":62,"column":48}}]},"16":{"line":68,"type":"if","locations":[{"start":{"line":68,"column":6},"end":{"line":68,"column":6}},{"start":{"line":68,"column":6},"end":{"line":68,"column":6}}]},"17":{"line":68,"type":"binary-expr","locations":[{"start":{"line":68,"column":10},"end":{"line":68,"column":31}},{"start":{"line":68,"column":35},"end":{"line":68,"column":45}}]}},"code":["","const config = require('./config.js'),","  algo = require('./algorithms.js'),","  async = require('async'),","  Key = require('./key');","","const updateSequence = function(userId, itemId, options = {}){","  let updateWilson = true;","  if ('updateWilson' in options) {","    updateWilson = options.updateWilson ? true : false;","  }","","  return new Promise((resolve, reject) => {","    algo.updateSimilarityFor(userId, function(){","      async.parallel([","        function(cb){","          algo.updateWilsonScore(itemId, function(){","            cb(null);","          });","        },","        function(cb){","          algo.updateRecommendationsFor(userId, function(){","            cb(null);","          });","        }","      ],","      function(err){","        if (err){console.log('error', err);}","        resolve();","      });","    });","  });","};","","const changeRating = function(userId, itemId, options){","  let updateRecommendations = true;","  if ('updateRecs' in options) {","    updateRecommendations = options.updateRecs ? true : false;","  }","","  const removeRating = options.removeRating ? true : false;","","  const feelingItemSet = options.liked ? Key.itemLikedBySet(itemId) : Key.itemDislikedBySet(itemId);","  const feelingUserSet = options.liked ? Key.userLikedSet(userId) : Key.userDislikedSet(userId);","  const mostFeelingSet = options.liked ? Key.mostLiked() : Key.mostDisliked();","","  return new Promise((resolve, reject) => {","    Promise.resolve().then(() => {","      // check if the rating is already stored","      return client.sismemberAsync(feelingItemSet, userId);","    }).then((result) => {","      // only increment the most feeling set if it doesn't already exist","      if (result === 0 && !removeRating) {","        client.zincrby(mostFeelingSet, 1, itemId);","      } else if (result > 0 && removeRating) {","        client.zincrby(mostFeelingSet, -1, itemId);","      }","      return removeRating ? client.sremAsync(feelingUserSet, itemId) :","        client.saddAsync(feelingUserSet, itemId);","    }).then(() => {","      return removeRating ? client.sremAsync(feelingItemSet, userId) :","        client.saddAsync(feelingItemSet, userId);","    }).then(() => {","      return client.sismemberAsync(feelingItemSet, userId);","    }).then((result) => {","      // only fire update sequence if requested by the user","      // and there are results to compare","      if (updateRecommendations && result > 0) {","        updateSequence(userId, itemId).then(() => {","          resolve();","        });","      } else {","        resolve();","      }","    });","  });","};","","const liked = function(userId, itemId, options = {}){","  options.liked = true;","  return changeRating(userId, itemId, options);","};","","const disliked = function(userId, itemId, options = {}){","  options.liked = false;","  return changeRating(userId, itemId, options);","};","","const unliked = function(userId, itemId, options = {}){","  options.liked = true;","  options.removeRating = true;","  return changeRating(userId, itemId, options);","};","","const undisliked = function(userId, itemId, options = {}){","  options.liked = false;","  options.removeRating = true;","  return changeRating(userId, itemId, options);","};","","const input = {","  liked,","  disliked,","  unliked,","  undisliked,","  updateSequence","};","","module.exports = input;",""],"l":{"2":1,"7":1,"8":0,"9":0,"10":0,"13":0,"14":0,"15":0,"17":0,"18":0,"22":0,"23":0,"28":0,"29":0,"35":1,"36":0,"37":0,"38":0,"41":0,"43":0,"44":0,"45":0,"47":0,"48":0,"50":0,"53":0,"54":0,"55":0,"56":0,"58":0,"61":0,"64":0,"68":0,"69":0,"70":0,"73":0,"79":1,"80":0,"81":0,"84":1,"85":0,"86":0,"89":1,"90":0,"91":0,"92":0,"95":1,"96":0,"97":0,"98":0,"101":1,"109":1}},"/home/travis/build/npmtest/node-npmtest-raccoon/node_modules/raccoon/lib/stat.js":{"path":"/home/travis/build/npmtest/node-npmtest-raccoon/node_modules/raccoon/lib/stat.js","s":{"1":1,"2":1,"3":0,"4":0,"5":0,"6":0,"7":0,"8":0,"9":0,"10":0,"11":0,"12":0,"13":0,"14":0,"15":0,"16":0,"17":0,"18":0,"19":0,"20":0,"21":0,"22":0,"23":0,"24":0,"25":0,"26":0,"27":0,"28":0,"29":0,"30":0,"31":0,"32":0,"33":0,"34":0,"35":0,"36":0,"37":0,"38":0,"39":0,"40":0,"41":0,"42":0,"43":0,"44":0,"45":0,"46":0,"47":0,"48":1},"b":{},"f":{"1":0,"2":0,"3":0,"4":0,"5":0,"6":0,"7":0,"8":0,"9":0,"10":0,"11":0,"12":0,"13":0,"14":0,"15":0,"16":0},"fnMap":{"1":{"name":"(anonymous_1)","line":7,"loc":{"start":{"line":7,"column":16},"end":{"line":7,"column":46}}},"2":{"name":"(anonymous_2)","line":14,"loc":{"start":{"line":14,"column":13},"end":{"line":14,"column":23}}},"3":{"name":"(anonymous_3)","line":21,"loc":{"start":{"line":21,"column":14},"end":{"line":21,"column":24}}},"4":{"name":"(anonymous_4)","line":28,"loc":{"start":{"line":28,"column":23},"end":{"line":28,"column":45}}},"5":{"name":"(anonymous_5)","line":35,"loc":{"start":{"line":35,"column":13},"end":{"line":35,"column":23}}},"6":{"name":"(anonymous_6)","line":42,"loc":{"start":{"line":42,"column":16},"end":{"line":42,"column":26}}},"7":{"name":"(anonymous_7)","line":49,"loc":{"start":{"line":49,"column":26},"end":{"line":49,"column":42}}},"8":{"name":"(anonymous_8)","line":51,"loc":{"start":{"line":51,"column":20},"end":{"line":51,"column":36}}},"9":{"name":"(anonymous_9)","line":58,"loc":{"start":{"line":58,"column":21},"end":{"line":58,"column":37}}},"10":{"name":"(anonymous_10)","line":65,"loc":{"start":{"line":65,"column":11},"end":{"line":65,"column":27}}},"11":{"name":"(anonymous_11)","line":72,"loc":{"start":{"line":72,"column":14},"end":{"line":72,"column":30}}},"12":{"name":"(anonymous_12)","line":79,"loc":{"start":{"line":79,"column":14},"end":{"line":79,"column":30}}},"13":{"name":"(anonymous_13)","line":86,"loc":{"start":{"line":86,"column":17},"end":{"line":86,"column":33}}},"14":{"name":"(anonymous_14)","line":93,"loc":{"start":{"line":93,"column":15},"end":{"line":93,"column":31}}},"15":{"name":"(anonymous_15)","line":100,"loc":{"start":{"line":100,"column":18},"end":{"line":100,"column":34}}},"16":{"name":"(anonymous_16)","line":107,"loc":{"start":{"line":107,"column":17},"end":{"line":107,"column":33}}}},"statementMap":{"1":{"start":{"line":2,"column":0},"end":{"line":4,"column":25}},"2":{"start":{"line":6,"column":0},"end":{"line":114,"column":2}},"3":{"start":{"line":8,"column":4},"end":{"line":12,"column":7}},"4":{"start":{"line":9,"column":6},"end":{"line":11,"column":9}},"5":{"start":{"line":10,"column":8},"end":{"line":10,"column":25}},"6":{"start":{"line":15,"column":4},"end":{"line":19,"column":7}},"7":{"start":{"line":16,"column":6},"end":{"line":18,"column":9}},"8":{"start":{"line":17,"column":8},"end":{"line":17,"column":25}},"9":{"start":{"line":22,"column":4},"end":{"line":26,"column":7}},"10":{"start":{"line":23,"column":6},"end":{"line":25,"column":9}},"11":{"start":{"line":24,"column":8},"end":{"line":24,"column":25}},"12":{"start":{"line":29,"column":4},"end":{"line":33,"column":7}},"13":{"start":{"line":30,"column":6},"end":{"line":32,"column":9}},"14":{"start":{"line":31,"column":8},"end":{"line":31,"column":25}},"15":{"start":{"line":36,"column":4},"end":{"line":40,"column":7}},"16":{"start":{"line":37,"column":6},"end":{"line":39,"column":9}},"17":{"start":{"line":38,"column":8},"end":{"line":38,"column":25}},"18":{"start":{"line":43,"column":4},"end":{"line":47,"column":7}},"19":{"start":{"line":44,"column":6},"end":{"line":46,"column":9}},"20":{"start":{"line":45,"column":8},"end":{"line":45,"column":25}},"21":{"start":{"line":52,"column":4},"end":{"line":56,"column":7}},"22":{"start":{"line":53,"column":6},"end":{"line":55,"column":9}},"23":{"start":{"line":54,"column":8},"end":{"line":54,"column":25}},"24":{"start":{"line":59,"column":4},"end":{"line":63,"column":7}},"25":{"start":{"line":60,"column":6},"end":{"line":62,"column":9}},"26":{"start":{"line":61,"column":8},"end":{"line":61,"column":25}},"27":{"start":{"line":66,"column":4},"end":{"line":70,"column":7}},"28":{"start":{"line":67,"column":6},"end":{"line":69,"column":9}},"29":{"start":{"line":68,"column":8},"end":{"line":68,"column":25}},"30":{"start":{"line":73,"column":4},"end":{"line":77,"column":7}},"31":{"start":{"line":74,"column":6},"end":{"line":76,"column":9}},"32":{"start":{"line":75,"column":8},"end":{"line":75,"column":25}},"33":{"start":{"line":80,"column":4},"end":{"line":84,"column":7}},"34":{"start":{"line":81,"column":6},"end":{"line":83,"column":9}},"35":{"start":{"line":82,"column":8},"end":{"line":82,"column":25}},"36":{"start":{"line":87,"column":4},"end":{"line":91,"column":7}},"37":{"start":{"line":88,"column":6},"end":{"line":90,"column":9}},"38":{"start":{"line":89,"column":8},"end":{"line":89,"column":25}},"39":{"start":{"line":94,"column":4},"end":{"line":98,"column":7}},"40":{"start":{"line":95,"column":6},"end":{"line":97,"column":9}},"41":{"start":{"line":96,"column":8},"end":{"line":96,"column":25}},"42":{"start":{"line":101,"column":4},"end":{"line":105,"column":7}},"43":{"start":{"line":102,"column":6},"end":{"line":104,"column":9}},"44":{"start":{"line":103,"column":8},"end":{"line":103,"column":25}},"45":{"start":{"line":108,"column":4},"end":{"line":112,"column":7}},"46":{"start":{"line":109,"column":6},"end":{"line":111,"column":9}},"47":{"start":{"line":110,"column":8},"end":{"line":110,"column":25}},"48":{"start":{"line":116,"column":0},"end":{"line":116,"column":32}}},"branchMap":{},"code":["","const config = require('./config.js'),","  client = require('./client.js'),","  Key = require('./key');","","const stat = {","  recommendFor: function(userId, numberOfRecs){","    return new Promise((resolve, reject) => {","      client.zrevrangeAsync(Key.recommendedZSet(userId), 0, numberOfRecs).then((results) => {","        resolve(results);","      });","    });","  },","  bestRated: function(){","    return new Promise((resolve, reject) => {","      client.zrevrangeAsync(Key.scoreboardZSet(), 0, -1).then((results) => {","        resolve(results);","      });","    });","  },","  worstRated: function(){","    return new Promise((resolve, reject) => {","      client.zrangeAsync(Key.scoreboardZSet(), 0, -1).then((results) => {","        resolve(results);","      });","    });","  },","  bestRatedWithScores: function(numOfRatings){","    return new Promise((resolve, reject) => {","      client.zrevrangeAsync(Key.scoreboardZSet(), 0, numOfRatings, 'withscores').then((results) => {","        resolve(results);","      });","    });","  },","  mostLiked: function(){","    return new Promise((resolve, reject) => {","      client.zrevrangeAsync(Key.mostLiked(), 0, -1).then((results) => {","        resolve(results);","      });","    });","  },","  mostDisliked: function(){","    return new Promise((resolve, reject) => {","      client.zrevrangeAsync(Key.mostDisliked(), 0, -1).then((results) => {","        resolve(results);","      });","    });","  },","  usersWhoLikedAlsoLiked: function(itemId){","  },","  mostSimilarUsers: function(userId){","    return new Promise((resolve, reject) => {","      client.zrevrangeAsync(Key.similarityZSet(userId), 0, -1).then((results) => {","        resolve(results);","      });","    });","  },","  leastSimilarUsers: function(userId){","    return new Promise((resolve, reject) => {","      client.zrangeAsync(Key.similarityZSet(userId), 0, -1).then((results) => {","        resolve(results);","      });","    });","  },","  likedBy: function(itemId){","    return new Promise((resolve, reject) => {","      client.smembersAsync(Key.itemLikedBySet(itemId)).then((results) => {","        resolve(results);","      });","    });","  },","  likedCount: function(itemId){","    return new Promise((resolve, reject) => {","      client.scardAsync(Key.itemLikedBySet(itemId)).then((results) => {","        resolve(results);","      });","    });","  },","  dislikedBy: function(itemId){","    return new Promise((resolve, reject) => {","      client.smembersAsync(Key.itemDislikedBySet(itemId)).then((results) => {","        resolve(results);","      });","    });","  },","  dislikedCount: function(itemId){","    return new Promise((resolve, reject) => {","      client.scardAsync(Key.itemDislikedBySet(itemId)).then((results) => {","        resolve(results);","      });","    });","  },","  allLikedFor: function(userId){","    return new Promise((resolve, reject) => {","      client.smembersAsync(Key.userLikedSet(userId)).then((results) => {","        resolve(results);","      });","    });","  },","  allDislikedFor: function(userId){","    return new Promise((resolve, reject) => {","      client.smembersAsync(Key.userDislikedSet(userId)).then((results) => {","        resolve(results);","      });","    });","  },","  allWatchedFor: function(userId){","    return new Promise((resolve, reject) => {","      client.sunionAsync(Key.userLikedSet(userId), Key.userDislikedSet(userId)).then((results) => {","        resolve(results);","      });","    });","  }","};","","module.exports = exports = stat;",""],"l":{"2":1,"6":1,"8":0,"9":0,"10":0,"15":0,"16":0,"17":0,"22":0,"23":0,"24":0,"29":0,"30":0,"31":0,"36":0,"37":0,"38":0,"43":0,"44":0,"45":0,"52":0,"53":0,"54":0,"59":0,"60":0,"61":0,"66":0,"67":0,"68":0,"73":0,"74":0,"75":0,"80":0,"81":0,"82":0,"87":0,"88":0,"89":0,"94":0,"95":0,"96":0,"101":0,"102":0,"103":0,"108":0,"109":0,"110":0,"116":1}},"/home/travis/build/npmtest/node-npmtest-raccoon/node_modules/raccoon/lib/client.js":{"path":"/home/travis/build/npmtest/node-npmtest-raccoon/node_modules/raccoon/lib/client.js","s":{"1":1,"2":1,"3":1,"4":1,"5":0,"6":0,"7":0,"8":1},"b":{"1":[0,1],"2":[0,0]},"f":{"1":0},"fnMap":{"1":{"name":"(anonymous_1)","line":10,"loc":{"start":{"line":10,"column":32},"end":{"line":10,"column":47}}}},"statementMap":{"1":{"start":{"line":2,"column":0},"end":{"line":4,"column":33}},"2":{"start":{"line":6,"column":0},"end":{"line":6,"column":51}},"3":{"start":{"line":8,"column":0},"end":{"line":8,"column":63}},"4":{"start":{"line":9,"column":0},"end":{"line":13,"column":1}},"5":{"start":{"line":10,"column":2},"end":{"line":12,"column":5}},"6":{"start":{"line":11,"column":3},"end":{"line":11,"column":26}},"7":{"start":{"line":11,"column":14},"end":{"line":11,"column":24}},"8":{"start":{"line":15,"column":0},"end":{"line":15,"column":34}}},"branchMap":{"1":{"line":9,"type":"if","locations":[{"start":{"line":9,"column":0},"end":{"line":9,"column":0}},{"start":{"line":9,"column":0},"end":{"line":9,"column":0}}]},"2":{"line":11,"type":"if","locations":[{"start":{"line":11,"column":3},"end":{"line":11,"column":3}},{"start":{"line":11,"column":3},"end":{"line":11,"column":3}}]}},"code":["","const redis = require('redis'),","  config = require('./config'),","  bluebird = require('bluebird');","","bluebird.promisifyAll(redis.RedisClient.prototype);","","client = redis.createClient(config.redisPort, config.redisUrl);","if (config.redisAuth){","  client.auth(config.redisAuth, function (err) {","   if (err) { throw err; }","  });","}","","module.exports = exports = client;",""],"l":{"2":1,"6":1,"8":1,"9":1,"10":0,"11":0,"15":1}},"/home/travis/build/npmtest/node-npmtest-raccoon/node_modules/raccoon/Gruntfile.js":{"path":"/home/travis/build/npmtest/node-npmtest-raccoon/node_modules/raccoon/Gruntfile.js","s":{"1":1,"2":1,"3":0,"4":0,"5":0,"6":0,"7":0,"8":0,"9":0,"10":0,"11":0,"12":0},"b":{},"f":{"1":0,"2":0},"fnMap":{"1":{"name":"(anonymous_1)","line":4,"loc":{"start":{"line":4,"column":17},"end":{"line":4,"column":33}}},"2":{"name":"(anonymous_2)","line":55,"loc":{"start":{"line":55,"column":26},"end":{"line":55,"column":53}}}},"statementMap":{"1":{"start":{"line":2,"column":0},"end":{"line":2,"column":30}},"2":{"start":{"line":4,"column":0},"end":{"line":72,"column":2}},"3":{"start":{"line":7,"column":2},"end":{"line":10,"column":4}},"4":{"start":{"line":13,"column":2},"end":{"line":52,"column":5}},"5":{"start":{"line":55,"column":2},"end":{"line":57,"column":5}},"6":{"start":{"line":56,"column":4},"end":{"line":56,"column":46}},"7":{"start":{"line":60,"column":2},"end":{"line":60,"column":45}},"8":{"start":{"line":61,"column":2},"end":{"line":61,"column":44}},"9":{"start":{"line":62,"column":2},"end":{"line":62,"column":40}},"10":{"start":{"line":66,"column":2},"end":{"line":66,"column":66}},"11":{"start":{"line":68,"column":2},"end":{"line":68,"column":62}},"12":{"start":{"line":71,"column":2},"end":{"line":71,"column":42}}},"branchMap":{},"code":["","var _ = require('underscore');","","module.exports = function(grunt) {","  'use strict';","","  var files = {","    src: 'lib/**/*.js',","    tests: 'test/**/*.js'","  };","","  // Project configuration.","  grunt.initConfig({","    pkg: grunt.file.readJSON('package.json'),","","    jshint: {","      all: [","        'Gruntfile.js',","        files.src,","        files.tests","      ],","      options: {","        esversion: 6,","        moz: true","      }","    },","    mochacov: {","      test: {","        src: [files.tests]","      }, // Run with the spec testrunner","      coverage: {","        src: [files.tests],","        options: {","          coveralls: {","            serviceName: 'travis-ci',","            repoToken: process.env.COVERALLS_REPO_TOKEN","          }","        }","      },","      options: {","        reporter: 'spec',","        ignoreLeaks: false,","        files: [files.tests]","      }","    },","    watch: {","      tests: {","        files: _.toArray(files),","        tasks: ['test']","      }","    }","  });","","  // On watch events, configure jshint:all to run only on changed file","  grunt.event.on('watch', function(action, filepath) {","    grunt.config(['jshint', 'all'], filepath);","  });","","  // Load third-party modules","  grunt.loadNpmTasks('grunt-contrib-jshint');","  grunt.loadNpmTasks('grunt-contrib-watch');","  grunt.loadNpmTasks('grunt-mocha-cov');","","  // Tasks","  // grunt.registerTask('travis', [ 'jshint', 'mochacov:test', 'mochacov:coverage' ]);","  grunt.registerTask('travis', [ 'jshint:all', 'mochacov:test' ]);","","  grunt.registerTask('test', ['jshint:all', 'mochacov:test']);","","  // Default task (runs when running `grunt` without arguments)","  grunt.registerTask('default', ['test']);","};",""],"l":{"2":1,"4":1,"7":0,"13":0,"55":0,"56":0,"60":0,"61":0,"62":0,"66":0,"68":0,"71":0}}}